#
# There is insufficient memory for the Java Runtime Environment to continue.
# Native memory allocation (malloc) failed to allocate 308816 bytes. Error detail: Chunk::new
# Possible reasons:
#   The system is out of physical RAM or swap space
#   This process is running with CompressedOops enabled, and the Java Heap may be blocking the growth of the native heap
# Possible solutions:
#   Reduce memory load on the system
#   Increase physical memory or swap space
#   Check if swap backing store is full
#   Decrease Java heap size (-Xmx/-Xms)
#   Decrease number of Java threads
#   Decrease Java thread stack sizes (-Xss)
#   Set larger code cache with -XX:ReservedCodeCacheSize=
#   JVM is running with Unscaled Compressed Oops mode in which the Java heap is
#     placed in the first 4GB address space. The Java Heap base address is the
#     maximum limit for the native heap growth. Please use -XX:HeapBaseMinAddress
#     to set the Java Heap base and to place the Java Heap above 4GB virtual address.
# This output file may be truncated or incomplete.
#
#  Out of Memory Error (arena.cpp:191), pid=36952, tid=28528
#
# JRE version: OpenJDK Runtime Environment Temurin-17.0.12+7 (17.0.12+7) (build 17.0.12+7)
# Java VM: OpenJDK 64-Bit Server VM Temurin-17.0.12+7 (17.0.12+7, mixed mode, tiered, compressed oops, compressed class ptrs, parallel gc, windows-amd64)
# No core dump will be written. Minidumps are not enabled by default on client versions of Windows
#

---------------  S U M M A R Y ------------

Command Line: --add-modules=ALL-SYSTEM --add-opens=java.base/java.util=ALL-UNNAMED --add-opens=java.base/java.lang=ALL-UNNAMED --add-opens=java.base/sun.nio.fs=ALL-UNNAMED -Declipse.application=org.eclipse.jdt.ls.core.id1 -Dosgi.bundles.defaultStartLevel=4 -Declipse.product=org.eclipse.jdt.ls.core.product -Djava.import.generatesMetadataFilesAtProjectRoot=false -DDetectVMInstallationsJob.disabled=true -Dfile.encoding=utf8 -XX:+UseParallelGC -XX:GCTimeRatio=4 -XX:AdaptiveSizePolicyWeight=90 -Dsun.zip.disableMemoryMapping=true -Xmx1G -Xms100m -Xlog:disable -javaagent:c:\Users\Gaurav\.vscode\extensions\redhat.java-1.35.1-win32-x64\lombok\lombok-1.18.33.jar c:\Users\Gaurav\.vscode\extensions\redhat.java-1.35.1-win32-x64\server\plugins\org.eclipse.equinox.launcher_1.6.900.v20240613-2009.jar -configuration c:\Users\Gaurav\AppData\Roaming\Code\User\globalStorage\redhat.java\1.35.1\config_ss_win -data c:\Users\Gaurav\AppData\Roaming\Code\User\workspaceStorage\93d4ababb5fdf7ad6af15924ba02c3ae\redhat.java\ss_ws --pipe=\\.\pipe\lsp-4315995290bcb90b8f3d9a879ceb475c-sock

Host: 11th Gen Intel(R) Core(TM) i5-1155G7 @ 2.50GHz, 8 cores, 7G,  Windows 11 , 64 bit Build 22621 (10.0.22621.3958)
Time: Sat Oct  5 22:24:38 2024 India Standard Time elapsed time: 2.574718 seconds (0d 0h 0m 2s)

---------------  T H R E A D  ---------------

Current thread (0x00000142432963c0):  JavaThread "C2 CompilerThread0" daemon [_thread_in_native, id=28528, stack(0x0000000101000000,0x0000000101100000)]


Current CompileTask:
C2:   2574 1253       4       lombok.patcher.PatchScript::classMatches (41 bytes)

Stack: [0x0000000101000000,0x0000000101100000]
Native frames: (J=compiled Java code, j=interpreted, Vv=VM code, C=native code)
V  [jvm.dll+0x67f929]
V  [jvm.dll+0x8371ba]
V  [jvm.dll+0x838c7e]
V  [jvm.dll+0x8392e3]
V  [jvm.dll+0x24834f]
V  [jvm.dll+0xac9d4]
V  [jvm.dll+0xad01c]
V  [jvm.dll+0x367452]
V  [jvm.dll+0x33197a]
V  [jvm.dll+0x330e1a]
V  [jvm.dll+0x21a8b1]
V  [jvm.dll+0x219cf1]
V  [jvm.dll+0x1a58bd]
V  [jvm.dll+0x229a2d]
V  [jvm.dll+0x227bdc]
V  [jvm.dll+0x7ec1f7]
V  [jvm.dll+0x7e65dc]
V  [jvm.dll+0x67e7f7]
C  [ucrtbase.dll+0x29333]
C  [KERNEL32.DLL+0x1257d]
C  [ntdll.dll+0x5af28]


---------------  P R O C E S S  ---------------

Threads class SMR info:
_java_thread_list=0x0000014289ce92c0, length=13, elements={
0x000001422f4394d0, 0x0000014288186380, 0x0000014288188920, 0x0000014243293ca0,
0x0000014243294570, 0x0000014243294e40, 0x0000014243295710, 0x00000142432963c0,
0x0000014288229860, 0x000001424329ccb0, 0x00000142882d2db0, 0x00000142884b8e60,
0x0000014289d0b830
}

Java Threads: ( => current thread )
  0x000001422f4394d0 JavaThread "main" [_thread_in_native, id=8548, stack(0x0000000100700000,0x0000000100800000)]
  0x0000014288186380 JavaThread "Reference Handler" daemon [_thread_blocked, id=27380, stack(0x0000000100a00000,0x0000000100b00000)]
  0x0000014288188920 JavaThread "Finalizer" daemon [_thread_blocked, id=28484, stack(0x0000000100b00000,0x0000000100c00000)]
  0x0000014243293ca0 JavaThread "Signal Dispatcher" daemon [_thread_blocked, id=31136, stack(0x0000000100c00000,0x0000000100d00000)]
  0x0000014243294570 JavaThread "Attach Listener" daemon [_thread_blocked, id=34668, stack(0x0000000100d00000,0x0000000100e00000)]
  0x0000014243294e40 JavaThread "Service Thread" daemon [_thread_blocked, id=19648, stack(0x0000000100e00000,0x0000000100f00000)]
  0x0000014243295710 JavaThread "Monitor Deflation Thread" daemon [_thread_blocked, id=26140, stack(0x0000000100f00000,0x0000000101000000)]
=>0x00000142432963c0 JavaThread "C2 CompilerThread0" daemon [_thread_in_native, id=28528, stack(0x0000000101000000,0x0000000101100000)]
  0x0000014288229860 JavaThread "C1 CompilerThread0" daemon [_thread_blocked, id=17296, stack(0x0000000101100000,0x0000000101200000)]
  0x000001424329ccb0 JavaThread "Sweeper thread" daemon [_thread_blocked, id=34196, stack(0x0000000101200000,0x0000000101300000)]
  0x00000142882d2db0 JavaThread "Common-Cleaner" daemon [_thread_blocked, id=19048, stack(0x0000000101300000,0x0000000101400000)]
  0x00000142884b8e60 JavaThread "Notification Thread" daemon [_thread_blocked, id=35112, stack(0x0000000101400000,0x0000000101500000)]
  0x0000014289d0b830 JavaThread "Active Thread: Equinox Container: 248f1451-16cc-4131-93a0-5d6d9941780e" [_thread_blocked, id=33608, stack(0x0000000101c00000,0x0000000101d00000)]

Other Threads:
  0x0000014243283530 VMThread "VM Thread" [stack: 0x0000000100900000,0x0000000100a00000] [id=2624]
  0x00000142884c7c80 WatcherThread [stack: 0x0000000101500000,0x0000000101600000] [id=16740]
  0x000001422f44d760 GCTaskThread "GC Thread#0" [stack: 0x0000000100800000,0x0000000100900000] [id=10916]
  0x0000014289858e00 GCTaskThread "GC Thread#1" [stack: 0x0000000101600000,0x0000000101700000] [id=32268]
  0x0000014289803600 GCTaskThread "GC Thread#2" [stack: 0x0000000101700000,0x0000000101800000] [id=26356]
  0x00000142898038c0 GCTaskThread "GC Thread#3" [stack: 0x0000000101800000,0x0000000101900000] [id=22532]
  0x0000014289803b80 GCTaskThread "GC Thread#4" [stack: 0x0000000101900000,0x0000000101a00000] [id=30076]
  0x0000014289803e40 GCTaskThread "GC Thread#5" [stack: 0x0000000101a00000,0x0000000101b00000] [id=29920]
  0x0000014289804100 GCTaskThread "GC Thread#6" [stack: 0x0000000101b00000,0x0000000101c00000] [id=23680]

Threads with active compile tasks:
C2 CompilerThread0     2611 1253       4       lombok.patcher.PatchScript::classMatches (41 bytes)

VM state: not at safepoint (normal execution)

VM Mutex/Monitor currently owned by a thread: None

Heap address: 0x00000000c0000000, size: 1024 MB, Compressed Oops mode: 32-bit

CDS archive(s) not mapped
Compressed class space mapped at: 0x0000014244000000-0x0000014284000000, reserved size: 1073741824
Narrow klass base: 0x0000014244000000, Narrow klass shift: 0, Narrow klass range: 0x40000000

GC Precious Log:
 CPUs: 8 total, 8 available
 Memory: 7941M
 Large Page Support: Disabled
 NUMA Support: Disabled
 Compressed Oops: Enabled (32-bit)
 Alignments: Space 512K, Generation 512K, Heap 2M
 Heap Min Capacity: 100M
 Heap Initial Capacity: 100M
 Heap Max Capacity: 1G
 Pre-touch: Disabled
 Parallel Workers: 8

Heap:
 PSYoungGen      total 29696K, used 18647K [0x00000000eab00000, 0x00000000ecc00000, 0x0000000100000000)
  eden space 25600K, 60% used [0x00000000eab00000,0x00000000eba266b8,0x00000000ec400000)
  from space 4096K, 76% used [0x00000000ec400000,0x00000000ec70f7c8,0x00000000ec800000)
  to   space 4096K, 0% used [0x00000000ec800000,0x00000000ec800000,0x00000000ecc00000)
 ParOldGen       total 68608K, used 16K [0x00000000c0000000, 0x00000000c4300000, 0x00000000eab00000)
  object space 68608K, 0% used [0x00000000c0000000,0x00000000c0004000,0x00000000c4300000)
 Metaspace       used 13255K, committed 13440K, reserved 1114112K
  class space    used 1307K, committed 1408K, reserved 1048576K

Card table byte_map: [0x000001422edd0000,0x000001422efe0000] _byte_map_base: 0x000001422e7d0000

Marking Bits: (ParMarkBitMap*) 0x00007ffcd77158b0
 Begin Bits: [0x00000142410a0000, 0x00000142420a0000)
 End Bits:   [0x00000142420a0000, 0x00000142430a0000)

Polling page: 0x000001422ebc0000

Metaspace:

Usage:
  Non-class:     11.67 MB used.
      Class:      1.28 MB used.
       Both:     12.94 MB used.

Virtual space:
  Non-class space:       64.00 MB reserved,      11.75 MB ( 18%) committed,  1 nodes.
      Class space:        1.00 GB reserved,       1.38 MB ( <1%) committed,  1 nodes.
             Both:        1.06 GB reserved,      13.12 MB (  1%) committed. 

Chunk freelists:
   Non-Class:  3.73 MB
       Class:  14.54 MB
        Both:  18.27 MB

MaxMetaspaceSize: unlimited
CompressedClassSpaceSize: 1.00 GB
Initial GC threshold: 21.00 MB
Current GC threshold: 21.00 MB
CDS: off
MetaspaceReclaimPolicy: balanced
 - commit_granule_bytes: 65536.
 - commit_granule_words: 8192.
 - virtual_space_node_default_size: 8388608.
 - enlarge_chunks_in_place: 1.
 - new_chunks_are_fully_committed: 0.
 - uncommit_free_chunks: 1.
 - use_allocation_guard: 0.
 - handle_deallocations: 1.


Internal statistics:

num_allocs_failed_limit: 0.
num_arena_births: 46.
num_arena_deaths: 0.
num_vsnodes_births: 2.
num_vsnodes_deaths: 0.
num_space_committed: 210.
num_space_uncommitted: 0.
num_chunks_returned_to_freelist: 0.
num_chunks_taken_from_freelist: 192.
num_chunk_merges: 0.
num_chunk_splits: 127.
num_chunks_enlarged: 102.
num_inconsistent_stats: 0.

CodeHeap 'non-profiled nmethods': size=120000Kb used=500Kb max_used=500Kb free=119499Kb
 bounds [0x0000014239b70000, 0x0000014239de0000, 0x00000142410a0000]
CodeHeap 'profiled nmethods': size=120000Kb used=2330Kb max_used=2330Kb free=117669Kb
 bounds [0x00000142320a0000, 0x0000014232310000, 0x00000142395d0000]
CodeHeap 'non-nmethods': size=5760Kb used=1168Kb max_used=1182Kb free=4592Kb
 bounds [0x00000142395d0000, 0x0000014239840000, 0x0000014239b70000]
 total_blobs=1756 nmethods=1310 adapters=360
 compilation: enabled
              stopped_count=0, restarted_count=0
 full_count=0

Compilation events (20 events):
Event: 2.555 Thread 0x0000014288229860 1286       3       java.net.URLClassLoader$1::run (5 bytes)
Event: 2.556 Thread 0x0000014288229860 nmethod 1286 0x00000142322d6e90 code [0x00000142322d7040, 0x00000142322d7188]
Event: 2.557 Thread 0x0000014288229860 1288       1       java.util.Collections$EmptyMap::get (2 bytes)
Event: 2.557 Thread 0x0000014288229860 nmethod 1288 0x0000014239beb110 code [0x0000014239beb2a0, 0x0000014239beb378]
Event: 2.557 Thread 0x0000014288229860 1289       1       org.eclipse.osgi.container.ModuleCapability::getDirectives (5 bytes)
Event: 2.557 Thread 0x0000014288229860 nmethod 1289 0x0000014239beb410 code [0x0000014239beb5a0, 0x0000014239beb678]
Event: 2.557 Thread 0x0000014288229860 1290       3       java.util.ArrayList$SubList$1::hasNext (20 bytes)
Event: 2.557 Thread 0x0000014288229860 nmethod 1290 0x00000142322d7210 code [0x00000142322d73a0, 0x00000142322d7518]
Event: 2.557 Thread 0x0000014288229860 1291       3       java.util.ArrayList$SubList$1::next (85 bytes)
Event: 2.558 Thread 0x0000014288229860 nmethod 1291 0x00000142322d7610 code [0x00000142322d7800, 0x00000142322d7c28]
Event: 2.559 Thread 0x0000014288229860 1292   !   3       java.net.URLClassLoader::defineClass (225 bytes)
Event: 2.563 Thread 0x0000014288229860 nmethod 1292 0x00000142322d7e90 code [0x00000142322d8340, 0x00000142322da568]
Event: 2.563 Thread 0x0000014288229860 1293       3       java.net.URLClassLoader::getAndVerifyPackage (110 bytes)
Event: 2.564 Thread 0x0000014288229860 nmethod 1293 0x00000142322db490 code [0x00000142322db800, 0x00000142322dca28]
Event: 2.564 Thread 0x0000014288229860 1294       3       jdk.internal.perf.PerfCounter::getReadClassBytesTime (4 bytes)
Event: 2.564 Thread 0x0000014288229860 nmethod 1294 0x00000142322dd090 code [0x00000142322dd220, 0x00000142322dd318]
Event: 2.565 Thread 0x0000014288229860 1295       3       java.security.CodeSigner::equals (75 bytes)
Event: 2.566 Thread 0x0000014288229860 nmethod 1295 0x00000142322dd390 code [0x00000142322dd580, 0x00000142322ddc38]
Event: 2.568 Thread 0x0000014288229860 1296   !   3       jdk.internal.loader.URLClassPath$JarLoader::checkResource (78 bytes)
Event: 2.569 Thread 0x0000014288229860 nmethod 1296 0x00000142322ddd90 code [0x00000142322ddfc0, 0x00000142322de8c8]

GC Heap History (2 events):
Event: 2.116 GC heap before
{Heap before GC invocations=1 (full 0):
 PSYoungGen      total 29696K, used 25600K [0x00000000eab00000, 0x00000000ecc00000, 0x0000000100000000)
  eden space 25600K, 100% used [0x00000000eab00000,0x00000000ec400000,0x00000000ec400000)
  from space 4096K, 0% used [0x00000000ec800000,0x00000000ec800000,0x00000000ecc00000)
  to   space 4096K, 0% used [0x00000000ec400000,0x00000000ec400000,0x00000000ec800000)
 ParOldGen       total 68608K, used 0K [0x00000000c0000000, 0x00000000c4300000, 0x00000000eab00000)
  object space 68608K, 0% used [0x00000000c0000000,0x00000000c0000000,0x00000000c4300000)
 Metaspace       used 10959K, committed 11200K, reserved 1114112K
  class space    used 1091K, committed 1216K, reserved 1048576K
}
Event: 2.125 GC heap after
{Heap after GC invocations=1 (full 0):
 PSYoungGen      total 29696K, used 3133K [0x00000000eab00000, 0x00000000ecc00000, 0x0000000100000000)
  eden space 25600K, 0% used [0x00000000eab00000,0x00000000eab00000,0x00000000ec400000)
  from space 4096K, 76% used [0x00000000ec400000,0x00000000ec70f7c8,0x00000000ec800000)
  to   space 4096K, 0% used [0x00000000ec800000,0x00000000ec800000,0x00000000ecc00000)
 ParOldGen       total 68608K, used 16K [0x00000000c0000000, 0x00000000c4300000, 0x00000000eab00000)
  object space 68608K, 0% used [0x00000000c0000000,0x00000000c0004000,0x00000000c4300000)
 Metaspace       used 10959K, committed 11200K, reserved 1114112K
  class space    used 1091K, committed 1216K, reserved 1048576K
}

Dll operation events (8 events):
Event: 0.032 Loaded shared library c:\Users\Gaurav\.vscode\extensions\redhat.java-1.35.1-win32-x64\jre\17.0.12-win32-x86_64\bin\java.dll
Event: 0.348 Loaded shared library c:\Users\Gaurav\.vscode\extensions\redhat.java-1.35.1-win32-x64\jre\17.0.12-win32-x86_64\bin\zip.dll
Event: 0.354 Loaded shared library C:\Users\Gaurav\.vscode\extensions\redhat.java-1.35.1-win32-x64\jre\17.0.12-win32-x86_64\bin\instrument.dll
Event: 0.378 Loaded shared library C:\Users\Gaurav\.vscode\extensions\redhat.java-1.35.1-win32-x64\jre\17.0.12-win32-x86_64\bin\net.dll
Event: 0.388 Loaded shared library C:\Users\Gaurav\.vscode\extensions\redhat.java-1.35.1-win32-x64\jre\17.0.12-win32-x86_64\bin\nio.dll
Event: 0.399 Loaded shared library C:\Users\Gaurav\.vscode\extensions\redhat.java-1.35.1-win32-x64\jre\17.0.12-win32-x86_64\bin\zip.dll
Event: 0.434 Loaded shared library C:\Users\Gaurav\.vscode\extensions\redhat.java-1.35.1-win32-x64\jre\17.0.12-win32-x86_64\bin\jimage.dll
Event: 0.554 Loaded shared library c:\Users\Gaurav\.vscode\extensions\redhat.java-1.35.1-win32-x64\jre\17.0.12-win32-x86_64\bin\verify.dll

Deoptimization events (20 events):
Event: 2.305 Thread 0x000001422f4394d0 DEOPT PACKING pc=0x000001423210d1d5 sp=0x00000001007f3ba0
Event: 2.305 Thread 0x000001422f4394d0 DEOPT UNPACKING pc=0x000001423962a9e3 sp=0x00000001007f3050 mode 0
Event: 2.327 Thread 0x000001422f4394d0 DEOPT PACKING pc=0x000001423210d1d5 sp=0x00000001007f76d0
Event: 2.327 Thread 0x000001422f4394d0 DEOPT UNPACKING pc=0x000001423962a9e3 sp=0x00000001007f6b80 mode 0
Event: 2.356 Thread 0x000001422f4394d0 DEOPT PACKING pc=0x000001423210d1d5 sp=0x00000001007f3830
Event: 2.356 Thread 0x000001422f4394d0 DEOPT UNPACKING pc=0x000001423962a9e3 sp=0x00000001007f2ce0 mode 0
Event: 2.368 Thread 0x000001422f4394d0 DEOPT PACKING pc=0x000001423210d1d5 sp=0x00000001007f7260
Event: 2.368 Thread 0x000001422f4394d0 DEOPT UNPACKING pc=0x000001423962a9e3 sp=0x00000001007f6710 mode 0
Event: 2.374 Thread 0x000001422f4394d0 Uncommon trap: trap_request=0xffffffc6 fr.pc=0x0000014239b9ac9c relative=0x000000000000027c
Event: 2.374 Thread 0x000001422f4394d0 Uncommon trap: reason=bimorphic_or_optimized_type_check action=maybe_recompile pc=0x0000014239b9ac9c method=java.util.Collections$UnmodifiableCollection$1.next()Ljava/lang/Object; @ 4 c2
Event: 2.374 Thread 0x000001422f4394d0 DEOPT PACKING pc=0x0000014239b9ac9c sp=0x00000001007f7dc0
Event: 2.374 Thread 0x000001422f4394d0 DEOPT UNPACKING pc=0x0000014239629ea3 sp=0x00000001007f7d70 mode 2
Event: 2.374 Thread 0x000001422f4394d0 Uncommon trap: trap_request=0xffffffc6 fr.pc=0x0000014239b9ac9c relative=0x000000000000027c
Event: 2.374 Thread 0x000001422f4394d0 Uncommon trap: reason=bimorphic_or_optimized_type_check action=maybe_recompile pc=0x0000014239b9ac9c method=java.util.Collections$UnmodifiableCollection$1.next()Ljava/lang/Object; @ 4 c2
Event: 2.374 Thread 0x000001422f4394d0 DEOPT PACKING pc=0x0000014239b9ac9c sp=0x00000001007f7dc0
Event: 2.374 Thread 0x000001422f4394d0 DEOPT UNPACKING pc=0x0000014239629ea3 sp=0x00000001007f7d70 mode 2
Event: 2.495 Thread 0x000001422f4394d0 Uncommon trap: trap_request=0xffffff6e fr.pc=0x0000014239bc9c58 relative=0x0000000000000338
Event: 2.495 Thread 0x000001422f4394d0 Uncommon trap: reason=loop_limit_check action=maybe_recompile pc=0x0000014239bc9c58 method=java.lang.StringLatin1.indexOf([BI[BII)I @ 37 c2
Event: 2.495 Thread 0x000001422f4394d0 DEOPT PACKING pc=0x0000014239bc9c58 sp=0x00000001007fc360
Event: 2.495 Thread 0x000001422f4394d0 DEOPT UNPACKING pc=0x0000014239629ea3 sp=0x00000001007fc2c0 mode 2

Classes loaded (20 events):
Event: 2.549 Loading class java/lang/invoke/VarHandleLongs$FieldInstanceReadWrite
Event: 2.549 Loading class java/lang/invoke/VarHandleLongs$FieldInstanceReadOnly
Event: 2.549 Loading class java/lang/invoke/VarHandleLongs$FieldInstanceReadOnly done
Event: 2.549 Loading class java/lang/invoke/VarHandleLongs$FieldInstanceReadWrite done
Event: 2.549 Loading class java/lang/invoke/VarHandleInts$FieldStaticReadWrite
Event: 2.550 Loading class java/lang/invoke/VarHandleInts$FieldStaticReadOnly
Event: 2.550 Loading class java/lang/invoke/VarHandleInts$FieldStaticReadOnly done
Event: 2.550 Loading class java/lang/invoke/VarHandleInts$FieldStaticReadWrite done
Event: 2.550 Loading class java/util/concurrent/ForkJoinPool$DefaultForkJoinWorkerThreadFactory
Event: 2.550 Loading class java/util/concurrent/ForkJoinPool$ForkJoinWorkerThreadFactory
Event: 2.550 Loading class java/util/concurrent/ForkJoinPool$ForkJoinWorkerThreadFactory done
Event: 2.550 Loading class java/util/concurrent/ForkJoinPool$DefaultForkJoinWorkerThreadFactory done
Event: 2.550 Loading class java/util/concurrent/ForkJoinPool$1
Event: 2.551 Loading class java/util/concurrent/ForkJoinPool$1 done
Event: 2.551 Loading class java/util/concurrent/ForkJoinPool$DefaultCommonPoolForkJoinWorkerThreadFactory
Event: 2.551 Loading class java/util/concurrent/ForkJoinPool$DefaultCommonPoolForkJoinWorkerThreadFactory done
Event: 2.551 Loading class java/util/concurrent/ForkJoinPool$WorkQueue
Event: 2.551 Loading class java/util/concurrent/ForkJoinPool$WorkQueue done
Event: 2.551 Loading class java/util/concurrent/ForkJoinWorkerThread
Event: 2.551 Loading class java/util/concurrent/ForkJoinWorkerThread done

Classes unloaded (0 events):
No events

Classes redefined (0 events):
No events

Internal exceptions (20 events):
Event: 1.493 Thread 0x000001422f4394d0 Exception <a 'java/io/FileNotFoundException'{0x00000000eb893fa8}> (0x00000000eb893fa8) 
thrown [s\src\hotspot\share\prims\jni.cpp, line 516]
Event: 1.493 Thread 0x000001422f4394d0 Exception <a 'java/io/FileNotFoundException'{0x00000000eb894c68}> (0x00000000eb894c68) 
thrown [s\src\hotspot\share\prims\jni.cpp, line 516]
Event: 1.503 Thread 0x000001422f4394d0 Implicit null exception at 0x0000014239b93cf2 to 0x0000014239b94268
Event: 1.504 Thread 0x000001422f4394d0 Implicit null exception at 0x0000014239b94cf2 to 0x0000014239b9527c
Event: 1.508 Thread 0x000001422f4394d0 Exception <a 'java/io/FileNotFoundException'{0x00000000eb8cec08}> (0x00000000eb8cec08) 
thrown [s\src\hotspot\share\prims\jni.cpp, line 516]
Event: 1.940 Thread 0x000001422f4394d0 Exception <a 'java/lang/ClassNotFoundException'{0x00000000ec0fd498}: sun/net/www/protocol/c/Handler> (0x00000000ec0fd498) 
thrown [s\src\hotspot\share\classfile\systemDictionary.cpp, line 256]
Event: 1.940 Thread 0x000001422f4394d0 Exception <a 'java/lang/ClassNotFoundException'{0x00000000ec0fe7c8}: sun/net/www/protocol/c/Handler> (0x00000000ec0fe7c8) 
thrown [s\src\hotspot\share\classfile\systemDictionary.cpp, line 256]
Event: 1.941 Thread 0x000001422f4394d0 Exception <a 'java/lang/ClassNotFoundException'{0x00000000ec0ff918}: sun/net/www/protocol/c/Handler> (0x00000000ec0ff918) 
thrown [s\src\hotspot\share\classfile\systemDictionary.cpp, line 256]
Event: 1.955 Thread 0x000001422f4394d0 Exception <a 'java/io/FileNotFoundException'{0x00000000ec123f48}> (0x00000000ec123f48) 
thrown [s\src\hotspot\share\prims\jni.cpp, line 516]
Event: 2.052 Thread 0x000001422f4394d0 Implicit null exception at 0x0000014239bc60fb to 0x0000014239bc6ab0
Event: 2.053 Thread 0x000001422f4394d0 Implicit null exception at 0x0000014239bb646c to 0x0000014239bb664c
Event: 2.053 Thread 0x000001422f4394d0 Implicit null exception at 0x0000014239bbb0ec to 0x0000014239bbb2d8
Event: 2.053 Thread 0x000001422f4394d0 Implicit null exception at 0x0000014239bb460f to 0x0000014239bb4689
Event: 2.127 Thread 0x000001422f4394d0 Exception <a 'java/lang/NoSuchMethodError'{0x00000000eab06a20}: 'int java.lang.invoke.DirectMethodHandle$Holder.invokeStaticInit(java.lang.Object, java.lang.Object, java.lang.Object, java.lang.Object)'> (0x00000000eab06a20) 
thrown [s\src\hotspot\share\interpreter\linkResolver.cpp, line 759]
Event: 2.129 Thread 0x000001422f4394d0 Exception <a 'java/lang/NoSuchMethodError'{0x00000000eab11188}: 'java.lang.Object java.lang.invoke.DirectMethodHandle$Holder.invokeInterface(java.lang.Object, java.lang.Object)'> (0x00000000eab11188) 
thrown [s\src\hotspot\share\interpreter\linkResolver.cpp, line 759]
Event: 2.129 Thread 0x000001422f4394d0 Exception <a 'java/lang/IncompatibleClassChangeError'{0x00000000eab14980}: Found class java.lang.Object, but interface was expected> (0x00000000eab14980) 
thrown [s\src\hotspot\share\interpreter\linkResolver.cpp, line 826]
Event: 2.130 Thread 0x000001422f4394d0 Exception <a 'java/lang/NoSuchMethodError'{0x00000000eab18e60}: 'void java.lang.invoke.DirectMethodHandle$Holder.invokeStatic(java.lang.Object, java.lang.Object)'> (0x00000000eab18e60) 
thrown [s\src\hotspot\share\interpreter\linkResolver.cpp, line 759]
Event: 2.131 Thread 0x000001422f4394d0 Exception <a 'java/lang/NoSuchMethodError'{0x00000000eab1c660}: 'void java.lang.invoke.DirectMethodHandle$Holder.invokeStaticInit(java.lang.Object, java.lang.Object)'> (0x00000000eab1c660) 
thrown [s\src\hotspot\share\interpreter\linkResolver.cpp, line 759]
Event: 2.134 Thread 0x000001422f4394d0 Exception <a 'java/lang/NoSuchMethodError'{0x00000000eab23b80}: 'int java.lang.invoke.DirectMethodHandle$Holder.invokeStaticInit(java.lang.Object, java.lang.Object)'> (0x00000000eab23b80) 
thrown [s\src\hotspot\share\interpreter\linkResolver.cpp, line 759]
Event: 2.193 Thread 0x000001422f4394d0 Exception <a 'java/lang/NoSuchMethodError'{0x00000000eac8fb10}: 'void java.lang.invoke.DirectMethodHandle$Holder.invokeSpecial(java.lang.Object, java.lang.Object, java.lang.Object)'> (0x00000000eac8fb10) 
thrown [s\src\hotspot\share\interpreter\linkResolver.cpp, line 759]

VM Operations (18 events):
Event: 0.311 Executing VM operation: HandshakeAllThreads
Event: 0.311 Executing VM operation: HandshakeAllThreads done
Event: 0.456 Executing VM operation: HandshakeAllThreads
Event: 0.456 Executing VM operation: HandshakeAllThreads done
Event: 1.419 Executing VM operation: HandshakeAllThreads
Event: 1.419 Executing VM operation: HandshakeAllThreads done
Event: 1.419 Executing VM operation: Cleanup
Event: 1.419 Executing VM operation: Cleanup done
Event: 1.458 Executing VM operation: HandshakeAllThreads
Event: 1.458 Executing VM operation: HandshakeAllThreads done
Event: 1.893 Executing VM operation: HandshakeAllThreads
Event: 1.893 Executing VM operation: HandshakeAllThreads done
Event: 2.116 Executing VM operation: ParallelGCFailedAllocation
Event: 2.125 Executing VM operation: ParallelGCFailedAllocation done
Event: 2.559 Executing VM operation: HandshakeAllThreads
Event: 2.559 Executing VM operation: HandshakeAllThreads done
Event: 2.562 Executing VM operation: HandshakeAllThreads
Event: 2.562 Executing VM operation: HandshakeAllThreads done

Events (13 events):
Event: 0.091 Thread 0x000001422f4394d0 Thread added: 0x000001422f4394d0
Event: 0.108 Thread 0x0000014288186380 Thread added: 0x0000014288186380
Event: 0.109 Thread 0x0000014288188920 Thread added: 0x0000014288188920
Event: 0.141 Thread 0x0000014243293ca0 Thread added: 0x0000014243293ca0
Event: 0.141 Thread 0x0000014243294570 Thread added: 0x0000014243294570
Event: 0.141 Thread 0x0000014243294e40 Thread added: 0x0000014243294e40
Event: 0.141 Thread 0x0000014243295710 Thread added: 0x0000014243295710
Event: 0.142 Thread 0x00000142432963c0 Thread added: 0x00000142432963c0
Event: 0.151 Thread 0x0000014288229860 Thread added: 0x0000014288229860
Event: 0.151 Thread 0x000001424329ccb0 Thread added: 0x000001424329ccb0
Event: 0.270 Thread 0x00000142882d2db0 Thread added: 0x00000142882d2db0
Event: 0.838 Thread 0x00000142884b8e60 Thread added: 0x00000142884b8e60
Event: 2.543 Thread 0x0000014289d0b830 Thread added: 0x0000014289d0b830


Dynamic libraries:
0x00007ff7ff110000 - 0x00007ff7ff11e000 	c:\Users\Gaurav\.vscode\extensions\redhat.java-1.35.1-win32-x64\jre\17.0.12-win32-x86_64\bin\java.exe
0x00007ffd61b50000 - 0x00007ffd61d67000 	C:\WINDOWS\SYSTEM32\ntdll.dll
0x00007ffd5fd30000 - 0x00007ffd5fdf4000 	C:\WINDOWS\System32\KERNEL32.DLL
0x00007ffd5f1d0000 - 0x00007ffd5f57d000 	C:\WINDOWS\System32\KERNELBASE.dll
0x0000000066010000 - 0x0000000066342000 	C:\Program Files\Norton Security\NortonData\22.22.8.15\Definitions\IPSDefs\20231019.064\IPSEng64.dll
0x00007ffd5f910000 - 0x00007ffd5f9c2000 	C:\WINDOWS\System32\ADVAPI32.dll
0x00007ffd60110000 - 0x00007ffd601b7000 	C:\WINDOWS\System32\msvcrt.dll
0x00007ffd618a0000 - 0x00007ffd61949000 	C:\WINDOWS\System32\sechost.dll
0x00007ffd5eee0000 - 0x00007ffd5ef08000 	C:\WINDOWS\System32\bcrypt.dll
0x00007ffd60370000 - 0x00007ffd60484000 	C:\WINDOWS\System32\RPCRT4.dll
0x00007ffd5f880000 - 0x00007ffd5f888000 	C:\WINDOWS\System32\PSAPI.DLL
0x00007ffd5f0b0000 - 0x00007ffd5f1c1000 	C:\WINDOWS\System32\ucrtbase.dll
0x00007ffd430c0000 - 0x00007ffd430d7000 	c:\Users\Gaurav\.vscode\extensions\redhat.java-1.35.1-win32-x64\jre\17.0.12-win32-x86_64\bin\jli.dll
0x00007ffd42a00000 - 0x00007ffd42a1b000 	c:\Users\Gaurav\.vscode\extensions\redhat.java-1.35.1-win32-x64\jre\17.0.12-win32-x86_64\bin\VCRUNTIME140.dll
0x00007ffd601c0000 - 0x00007ffd6036e000 	C:\WINDOWS\System32\USER32.dll
0x00007ffd5ef10000 - 0x00007ffd5ef36000 	C:\WINDOWS\System32\win32u.dll
0x00007ffd5fd00000 - 0x00007ffd5fd29000 	C:\WINDOWS\System32\GDI32.dll
0x00007ffd5f580000 - 0x00007ffd5f699000 	C:\WINDOWS\System32\gdi32full.dll
0x00007ffd41490000 - 0x00007ffd41723000 	C:\WINDOWS\WinSxS\amd64_microsoft.windows.common-controls_6595b64144ccf1df_6.0.22621.3672_none_2713b9d173822955\COMCTL32.dll
0x00007ffd5f6a0000 - 0x00007ffd5f73a000 	C:\WINDOWS\System32\msvcp_win.dll
0x00007ffd5fbd0000 - 0x00007ffd5fc01000 	C:\WINDOWS\System32\IMM32.DLL
0x00007ffd56fc0000 - 0x00007ffd56fcc000 	c:\Users\Gaurav\.vscode\extensions\redhat.java-1.35.1-win32-x64\jre\17.0.12-win32-x86_64\bin\vcruntime140_1.dll
0x00007ffd270c0000 - 0x00007ffd2714d000 	c:\Users\Gaurav\.vscode\extensions\redhat.java-1.35.1-win32-x64\jre\17.0.12-win32-x86_64\bin\msvcp140.dll
0x00007ffcd6b70000 - 0x00007ffcd77da000 	c:\Users\Gaurav\.vscode\extensions\redhat.java-1.35.1-win32-x64\jre\17.0.12-win32-x86_64\bin\server\jvm.dll
0x00007ffd5f890000 - 0x00007ffd5f901000 	C:\WINDOWS\System32\WS2_32.dll
0x00007ffd5ec90000 - 0x00007ffd5ecdd000 	C:\WINDOWS\SYSTEM32\POWRPROF.dll
0x00007ffd57d60000 - 0x00007ffd57d94000 	C:\WINDOWS\SYSTEM32\WINMM.dll
0x00007ffd56ea0000 - 0x00007ffd56eaa000 	C:\WINDOWS\SYSTEM32\VERSION.dll
0x00007ffd5eb70000 - 0x00007ffd5eb83000 	C:\WINDOWS\SYSTEM32\UMPDC.dll
0x00007ffd5de90000 - 0x00007ffd5dea8000 	C:\WINDOWS\SYSTEM32\kernel.appcore.dll
0x00007ffd43ae0000 - 0x00007ffd43aea000 	c:\Users\Gaurav\.vscode\extensions\redhat.java-1.35.1-win32-x64\jre\17.0.12-win32-x86_64\bin\jimage.dll
0x00007ffd5c500000 - 0x00007ffd5c732000 	C:\WINDOWS\SYSTEM32\DBGHELP.DLL
0x00007ffd60700000 - 0x00007ffd60a8e000 	C:\WINDOWS\System32\combase.dll
0x00007ffd5fc20000 - 0x00007ffd5fcf7000 	C:\WINDOWS\System32\OLEAUT32.dll
0x00007ffd37670000 - 0x00007ffd376a2000 	C:\WINDOWS\SYSTEM32\dbgcore.DLL
0x00007ffd5f740000 - 0x00007ffd5f7bb000 	C:\WINDOWS\System32\bcryptPrimitives.dll
0x00007ffd43ad0000 - 0x00007ffd43ade000 	c:\Users\Gaurav\.vscode\extensions\redhat.java-1.35.1-win32-x64\jre\17.0.12-win32-x86_64\bin\instrument.dll
0x00007ffd32a30000 - 0x00007ffd32a55000 	c:\Users\Gaurav\.vscode\extensions\redhat.java-1.35.1-win32-x64\jre\17.0.12-win32-x86_64\bin\java.dll
0x00007ffd401c0000 - 0x00007ffd401d8000 	c:\Users\Gaurav\.vscode\extensions\redhat.java-1.35.1-win32-x64\jre\17.0.12-win32-x86_64\bin\zip.dll
0x00007ffd60f70000 - 0x00007ffd617d7000 	C:\WINDOWS\System32\SHELL32.dll
0x00007ffd5cda0000 - 0x00007ffd5d69f000 	C:\WINDOWS\SYSTEM32\windows.storage.dll
0x00007ffd5cc60000 - 0x00007ffd5cd9f000 	C:\WINDOWS\SYSTEM32\wintypes.dll
0x00007ffd60010000 - 0x00007ffd60109000 	C:\WINDOWS\System32\SHCORE.dll
0x00007ffd5ff00000 - 0x00007ffd5ff5e000 	C:\WINDOWS\System32\shlwapi.dll
0x00007ffd5eda0000 - 0x00007ffd5edc7000 	C:\WINDOWS\SYSTEM32\profapi.dll
0x00007ffd40170000 - 0x00007ffd40189000 	C:\Users\Gaurav\.vscode\extensions\redhat.java-1.35.1-win32-x64\jre\17.0.12-win32-x86_64\bin\net.dll
0x00007ffd5a620000 - 0x00007ffd5a756000 	C:\WINDOWS\SYSTEM32\WINHTTP.dll
0x00007ffd5e330000 - 0x00007ffd5e399000 	C:\WINDOWS\system32\mswsock.dll
0x00007ffd34a40000 - 0x00007ffd34a56000 	C:\Users\Gaurav\.vscode\extensions\redhat.java-1.35.1-win32-x64\jre\17.0.12-win32-x86_64\bin\nio.dll
0x00007ffd430a0000 - 0x00007ffd430b0000 	c:\Users\Gaurav\.vscode\extensions\redhat.java-1.35.1-win32-x64\jre\17.0.12-win32-x86_64\bin\verify.dll

dbghelp: loaded successfully - version: 4.0.5 - missing functions: none
symbol engine: initialized successfully - sym options: 0x614 - pdb path: .;c:\Users\Gaurav\.vscode\extensions\redhat.java-1.35.1-win32-x64\jre\17.0.12-win32-x86_64\bin;C:\WINDOWS\SYSTEM32;C:\Program Files\Norton Security\NortonData\22.22.8.15\Definitions\IPSDefs\20231019.064;C:\WINDOWS\WinSxS\amd64_microsoft.windows.common-controls_6595b64144ccf1df_6.0.22621.3672_none_2713b9d173822955;c:\Users\Gaurav\.vscode\extensions\redhat.java-1.35.1-win32-x64\jre\17.0.12-win32-x86_64\bin\server

VM Arguments:
jvm_args: --add-modules=ALL-SYSTEM --add-opens=java.base/java.util=ALL-UNNAMED --add-opens=java.base/java.lang=ALL-UNNAMED --add-opens=java.base/sun.nio.fs=ALL-UNNAMED -Declipse.application=org.eclipse.jdt.ls.core.id1 -Dosgi.bundles.defaultStartLevel=4 -Declipse.product=org.eclipse.jdt.ls.core.product -Djava.import.generatesMetadataFilesAtProjectRoot=false -DDetectVMInstallationsJob.disabled=true -Dfile.encoding=utf8 -XX:+UseParallelGC -XX:GCTimeRatio=4 -XX:AdaptiveSizePolicyWeight=90 -Dsun.zip.disableMemoryMapping=true -Xmx1G -Xms100m -Xlog:disable -javaagent:c:\Users\Gaurav\.vscode\extensions\redhat.java-1.35.1-win32-x64\lombok\lombok-1.18.33.jar 
java_command: c:\Users\Gaurav\.vscode\extensions\redhat.java-1.35.1-win32-x64\server\plugins\org.eclipse.equinox.launcher_1.6.900.v20240613-2009.jar -configuration c:\Users\Gaurav\AppData\Roaming\Code\User\globalStorage\redhat.java\1.35.1\config_ss_win -data c:\Users\Gaurav\AppData\Roaming\Code\User\workspaceStorage\93d4ababb5fdf7ad6af15924ba02c3ae\redhat.java\ss_ws --pipe=\\.\pipe\lsp-4315995290bcb90b8f3d9a879ceb475c-sock
java_class_path (initial): c:\Users\Gaurav\.vscode\extensions\redhat.java-1.35.1-win32-x64\server\plugins\org.eclipse.equinox.launcher_1.6.900.v20240613-2009.jar
Launcher Type: SUN_STANDARD

[Global flags]
    uintx AdaptiveSizePolicyWeight                 = 90                                        {product} {command line}
     intx CICompilerCount                          = 4                                         {product} {ergonomic}
    uintx GCTimeRatio                              = 4                                         {product} {command line}
   size_t InitialHeapSize                          = 104857600                                 {product} {command line}
   size_t MaxHeapSize                              = 1073741824                                {product} {command line}
   size_t MaxNewSize                               = 357564416                                 {product} {ergonomic}
   size_t MinHeapDeltaBytes                        = 524288                                    {product} {ergonomic}
   size_t MinHeapSize                              = 104857600                                 {product} {command line}
   size_t NewSize                                  = 34603008                                  {product} {ergonomic}
    uintx NonNMethodCodeHeapSize                   = 5839372                                {pd product} {ergonomic}
    uintx NonProfiledCodeHeapSize                  = 122909434                              {pd product} {ergonomic}
   size_t OldSize                                  = 70254592                                  {product} {ergonomic}
    uintx ProfiledCodeHeapSize                     = 122909434                              {pd product} {ergonomic}
    uintx ReservedCodeCacheSize                    = 251658240                              {pd product} {ergonomic}
     bool SegmentedCodeCache                       = true                                      {product} {ergonomic}
   size_t SoftMaxHeapSize                          = 1073741824                             {manageable} {ergonomic}
     bool UseCompressedClassPointers               = true                           {product lp64_product} {ergonomic}
     bool UseCompressedOops                        = true                           {product lp64_product} {ergonomic}
     bool UseLargePagesIndividualAllocation        = false                                  {pd product} {ergonomic}
     bool UseParallelGC                            = true                                      {product} {command line}

Logging:
Log output configuration:
 #0: stdout all=off uptime,level,tags
 #1: stderr all=off uptime,level,tags

Environment Variables:
JAVA_HOME=C:\Program Files\Java\jdk-18.0.2.1
PATH=C:\Program Files\Common Files\Oracle\Java\javapath;C:\Program Files (x86)\Common Files\Oracle\Java\javapath;C:\WINDOWS\system32;C:\WINDOWS;C:\WINDOWS\System32\Wbem;C:\WINDOWS\System32\WindowsPowerShell\v1.0\;C:\WINDOWS\System32\OpenSSH\;C:\MinGW\bin;C:\Users\Gaurav\Downloads\jdk-18_windows-x64_bin.exe;C:\Program Files\Java\jdk1.8.0_341\bin;C:\Program Files\MySQL;C:\flutter\bin;C:\Program Files\Microsoft VS Code\bin;C:\Program Files\Git\cmd;C:\Users\Gaurav\OneDrive\Desktop\Python 3.12;C:\Users\Gaurav\AppData\Local\Programs\Python\Python312;C:\Users\Gaurav\AppData\Local\Programs\Python\Python312\Scripts;C:\Program Files\Docker\Docker\resources\bin;C:\Program Files\nodejs\;C:\MAVEN\apache-maven-3.9.8-bin\apache-maven-3.9.8\bin;C:\Program Files (x86)\GnuWin32\bin;C:\Program Files\Java\jdk-18.0.2.1\bin;C:\Users\Gaurav\AppData\Local\Programs\Python\Launcher\;C:\Program Files\MySQL\MySQL Shell 8.0\bin\;C:\Users\Gaurav\AppData\Local\Microsoft\WindowsApps;C:\Users\Gaurav\AppData\Local\Programs\Microsoft VS Code\bin;C:\Program Files\JetBrains\IntelliJ IDEA Community Edition 2022.2.2\bin;;C:\Program Files\MySQL\MySQL Server 8.0\bin;C:\flutter\bin;C:\Users\Gaurav\OneDrive\Desktop\Python 3.12;C:\Users\Gaurav\AppData\Local\Programs\Python\Python312;C:\Users\Gaurav\AppData\Roaming\npm
USERNAME=Gaurav
OS=Windows_NT
PROCESSOR_IDENTIFIER=Intel64 Family 6 Model 140 Stepping 2, GenuineIntel
TMP=C:\Users\Gaurav\AppData\Local\Temp
TEMP=C:\Users\Gaurav\AppData\Local\Temp



Periodic native trim disabled


---------------  S Y S T E M  ---------------

OS:
 Windows 11 , 64 bit Build 22621 (10.0.22621.3958)
OS uptime: 13 days 8:28 hours
Hyper-V role detected

CPU: total 8 (initial active 8) (4 cores per cpu, 2 threads per core) family 6 model 140 stepping 2 microcode 0x28, cx8, cmov, fxsr, ht, mmx, 3dnowpref, sse, sse2, sse3, ssse3, sse4.1, sse4.2, popcnt, lzcnt, tsc, tscinvbit, avx, avx2, aes, erms, clmul, bmi1, bmi2, adx, avx512f, avx512dq, avx512cd, avx512bw, avx512vl, sha, fma, vzeroupper, avx512_vpopcntdq, avx512_vpclmulqdq, avx512_vaes, avx512_vnni, clflush, clflushopt, clwb, avx512_vbmi2, avx512_vbmi, hv
Processor Information for all 8 processors :
  Max Mhz: 2496, Current Mhz: 2496, Mhz Limit: 2496

Memory: 4k page, system-wide physical 7941M (43M free)
TotalPageFile size 32517M (AvailPageFile size 0M)
current process WorkingSet (physical memory assigned to process): 80M, peak: 80M
current process commit charge ("private bytes"): 201M, peak: 202M

vm_info: OpenJDK 64-Bit Server VM (17.0.12+7) for windows-amd64 JRE (17.0.12+7), built on Jul 16 2024 22:08:24 by "admin" with MS VC++ 16.10 / 16.11 (VS2019)

END.
