#
# There is insufficient memory for the Java Runtime Environment to continue.
# Native memory allocation (malloc) failed to allocate 1079136 bytes for Chunk::new
# Possible reasons:
#   The system is out of physical RAM or swap space
#   The process is running with CompressedOops enabled, and the Java Heap may be blocking the growth of the native heap
# Possible solutions:
#   Reduce memory load on the system
#   Increase physical memory or swap space
#   Check if swap backing store is full
#   Decrease Java heap size (-Xmx/-Xms)
#   Decrease number of Java threads
#   Decrease Java thread stack sizes (-Xss)
#   Set larger code cache with -XX:ReservedCodeCacheSize=
#   JVM is running with Unscaled Compressed Oops mode in which the Java heap is
#     placed in the first 4GB address space. The Java Heap base address is the
#     maximum limit for the native heap growth. Please use -XX:HeapBaseMinAddress
#     to set the Java Heap base and to place the Java Heap above 4GB virtual address.
# This output file may be truncated or incomplete.
#
#  Out of Memory Error (arena.cpp:184), pid=20284, tid=22696
#
# JRE version: Java(TM) SE Runtime Environment (18.0.2.1+1) (build 18.0.2.1+1-1)
# Java VM: Java HotSpot(TM) 64-Bit Server VM (18.0.2.1+1-1, mixed mode, sharing, tiered, compressed oops, compressed class ptrs, g1 gc, windows-amd64)
# No core dump will be written. Minidumps are not enabled by default on client versions of Windows
#

---------------  S U M M A R Y ------------

Command Line: --add-opens=java.base/java.util=ALL-UNNAMED --add-opens=java.base/java.lang=ALL-UNNAMED --add-opens=java.base/java.lang.invoke=ALL-UNNAMED --add-opens=java.base/java.util=ALL-UNNAMED --add-opens=java.prefs/java.util.prefs=ALL-UNNAMED --add-opens=java.prefs/java.util.prefs=ALL-UNNAMED --add-opens=java.base/java.nio.charset=ALL-UNNAMED --add-opens=java.base/java.net=ALL-UNNAMED --add-opens=java.base/java.util.concurrent.atomic=ALL-UNNAMED -Xmx1536M -Dfile.encoding=utf8 -Duser.country=IN -Duser.language=en -Duser.variant org.gradle.launcher.daemon.bootstrap.GradleDaemon 7.5

Host: 11th Gen Intel(R) Core(TM) i5-1155G7 @ 2.50GHz, 8 cores, 7G,  Windows 11 , 64 bit Build 22621 (10.0.22621.3958)
Time: Sat Oct  5 22:20:32 2024 India Standard Time elapsed time: 14.746217 seconds (0d 0h 0m 14s)

---------------  T H R E A D  ---------------

Current thread (0x000001e073fbc3f0):  JavaThread "C2 CompilerThread0" daemon [_thread_in_native, id=22696, stack(0x0000003031500000,0x0000003031600000)]


Current CompileTask:
C2:  14746 7303       4       java.io.ObjectOutputStream::writeClassDesc (60 bytes)

Stack: [0x0000003031500000,0x0000003031600000]
Native frames: (J=compiled Java code, j=interpreted, Vv=VM code, C=native code)
V  [jvm.dll+0x6993aa]
V  [jvm.dll+0x7f46dd]
V  [jvm.dll+0x7f5fee]
V  [jvm.dll+0x7f66a3]
V  [jvm.dll+0x25cf1f]
V  [jvm.dll+0xb8c2f]
V  [jvm.dll+0xb8fa5]
V  [jvm.dll+0x2c7e2f]
V  [jvm.dll+0x5a0d8e]
V  [jvm.dll+0x2388de]
V  [jvm.dll+0x231ea5]
V  [jvm.dll+0x22f3cb]
V  [jvm.dll+0x1ba01c]
V  [jvm.dll+0x23ee0a]
V  [jvm.dll+0x23d0f5]
V  [jvm.dll+0x7a6dd1]
V  [jvm.dll+0x7a120a]
V  [jvm.dll+0x698255]
C  [ucrtbase.dll+0x29333]
C  [KERNEL32.DLL+0x1257d]
C  [ntdll.dll+0x5af28]


---------------  P R O C E S S  ---------------

Threads class SMR info:
_java_thread_list=0x000001e07c652880, length=125, elements={
0x000001e05702e530, 0x000001e073f938c0, 0x000001e073f94ae0, 0x000001e073fb0010,
0x000001e073fb08c0, 0x000001e073fb1b90, 0x000001e073fb4ce0, 0x000001e073fbc3f0,
0x000001e073fc0a00, 0x000001e073fc22e0, 0x000001e078216e40, 0x000001e078218550,
0x000001e078d76620, 0x000001e0797cb000, 0x000001e078ce7af0, 0x000001e07987ef40,
0x000001e079a79d70, 0x000001e079be41d0, 0x000001e0797afa60, 0x000001e079ba9280,
0x000001e079bab430, 0x000001e079bac770, 0x000001e079bac2a0, 0x000001e079babdd0,
0x000001e079baa0f0, 0x000001e079ba9c20, 0x000001e079baa5c0, 0x000001e079ba9750,
0x000001e079bab900, 0x000001e079baaa90, 0x000001e07b097870, 0x000001e07b09d8b0,
0x000001e07b096530, 0x000001e07b096a00, 0x000001e07b099080, 0x000001e07b097d40,
0x000001e07b0973a0, 0x000001e07b09c0a0, 0x000001e07b09a890, 0x000001e07b098210,
0x000001e07b0986e0, 0x000001e07b09bbd0, 0x000001e07b098bb0, 0x000001e07b099ef0,
0x000001e07b09a3c0, 0x000001e07b09ca40, 0x000001e07b09ad60, 0x000001e07b09cf10,
0x000001e07b09b230, 0x000001e07a72c510, 0x000001e07a72d850, 0x000001e07a7281b0,
0x000001e07a727ce0, 0x000001e07a7294f0, 0x000001e07a729e90, 0x000001e07a72ad00,
0x000001e07a728680, 0x000001e07a72c040, 0x000001e07a728b50, 0x000001e07a72b1d0,
0x000001e07a729020, 0x000001e07a72b6a0, 0x000001e07a7299c0, 0x000001e07a72a360,
0x000001e07a72c9e0, 0x000001e07a72bb70, 0x000001e07a72ceb0, 0x000001e07a727810,
0x000001e07a72d380, 0x000001e07a72a830, 0x000001e07a7269a0, 0x000001e07a72dd20,
0x000001e07a72e1f0, 0x000001e07a726e70, 0x000001e07a727340, 0x000001e07ad71970,
0x000001e07ad714a0, 0x000001e07ad70fd0, 0x000001e07ad71e40, 0x000001e07ad70b00,
0x000001e07ad72310, 0x000001e07ad727e0, 0x000001e07ad73650, 0x000001e07ad70160,
0x000001e07ad72cb0, 0x000001e07ad6fc90, 0x000001e07ad70630, 0x000001e07ad73180,
0x000001e0784e3580, 0x000001e0784de880, 0x000001e0784dda10, 0x000001e0784e18a0,
0x000001e0784e1d70, 0x000001e0784e2240, 0x000001e0784e0f00, 0x000001e0784de3b0,
0x000001e0784e30b0, 0x000001e0784e2710, 0x000001e0784e13d0, 0x000001e0784e2be0,
0x000001e0784e0a30, 0x000001e0784df6f0, 0x000001e0784ded50, 0x000001e0784dc200,
0x000001e0784e3a50, 0x000001e0784dc6d0, 0x000001e0784dcba0, 0x000001e0784dd070,
0x000001e0784dfbc0, 0x000001e0784e0090, 0x000001e0784e0560, 0x000001e0784dd540,
0x000001e0784ddee0, 0x000001e0784df220, 0x000001e078c6ca40, 0x000001e078c68bb0,
0x000001e078c6e250, 0x000001e078c69a20, 0x000001e078c6c0a0, 0x000001e078c6e720,
0x000001e078c6f590, 0x000001e078c69ef0, 0x000001e078c6a3c0, 0x000001e0786c93c0,
0x000001e078c6d3e0
}

Java Threads: ( => current thread )
  0x000001e05702e530 JavaThread "main" [_thread_blocked, id=37372, stack(0x0000003030800000,0x0000003030900000)]
  0x000001e073f938c0 JavaThread "Reference Handler" daemon [_thread_blocked, id=15708, stack(0x0000003030f00000,0x0000003031000000)]
  0x000001e073f94ae0 JavaThread "Finalizer" daemon [_thread_blocked, id=10756, stack(0x0000003031000000,0x0000003031100000)]
  0x000001e073fb0010 JavaThread "Signal Dispatcher" daemon [_thread_blocked, id=1284, stack(0x0000003031100000,0x0000003031200000)]
  0x000001e073fb08c0 JavaThread "Attach Listener" daemon [_thread_blocked, id=5380, stack(0x0000003031200000,0x0000003031300000)]
  0x000001e073fb1b90 JavaThread "Service Thread" daemon [_thread_blocked, id=10092, stack(0x0000003031300000,0x0000003031400000)]
  0x000001e073fb4ce0 JavaThread "Monitor Deflation Thread" daemon [_thread_blocked, id=20784, stack(0x0000003031400000,0x0000003031500000)]
=>0x000001e073fbc3f0 JavaThread "C2 CompilerThread0" daemon [_thread_in_native, id=22696, stack(0x0000003031500000,0x0000003031600000)]
  0x000001e073fc0a00 JavaThread "C1 CompilerThread0" daemon [_thread_blocked, id=7476, stack(0x0000003031600000,0x0000003031700000)]
  0x000001e073fc22e0 JavaThread "Sweeper thread" daemon [_thread_blocked, id=37012, stack(0x0000003031700000,0x0000003031800000)]
  0x000001e078216e40 JavaThread "Common-Cleaner" daemon [_thread_blocked, id=18836, stack(0x0000003031800000,0x0000003031900000)]
  0x000001e078218550 JavaThread "Notification Thread" daemon [_thread_blocked, id=22056, stack(0x0000003031900000,0x0000003031a00000)]
  0x000001e078d76620 JavaThread "Daemon health stats" [_thread_blocked, id=35888, stack(0x0000003031f00000,0x0000003032000000)]
  0x000001e0797cb000 JavaThread "Incoming local TCP Connector on port 57029" [_thread_in_native, id=24956, stack(0x0000003032000000,0x0000003032100000)]
  0x000001e078ce7af0 JavaThread "Daemon periodic checks" [_thread_blocked, id=2452, stack(0x0000003032100000,0x0000003032200000)]
  0x000001e07987ef40 JavaThread "Daemon" [_thread_blocked, id=16892, stack(0x0000003032200000,0x0000003032300000)]
  0x000001e079a79d70 JavaThread "Handler for socket connection from /127.0.0.1:57029 to /127.0.0.1:57030" [_thread_in_native, id=12388, stack(0x0000003032300000,0x0000003032400000)]
  0x000001e079be41d0 JavaThread "Cancel handler" [_thread_blocked, id=24788, stack(0x0000003032400000,0x0000003032500000)]
  0x000001e0797afa60 JavaThread "Daemon worker" [_thread_in_vm, id=8416, stack(0x0000003032500000,0x0000003032600000)]
  0x000001e079ba9280 JavaThread "Asynchronous log dispatcher for DefaultDaemonConnection: socket connection from /127.0.0.1:57029 to /127.0.0.1:57030" [_thread_blocked, id=33084, stack(0x0000003032600000,0x0000003032700000)]
  0x000001e079bab430 JavaThread "Stdin handler" [_thread_blocked, id=2796, stack(0x0000003032700000,0x0000003032800000)]
  0x000001e079bac770 JavaThread "Daemon client event forwarder" [_thread_blocked, id=31344, stack(0x0000003032800000,0x0000003032900000)]
  0x000001e079bac2a0 JavaThread "Cache worker for journal cache (C:\Users\Gaurav\.gradle\caches\journal-1)" [_thread_blocked, id=10636, stack(0x0000003032900000,0x0000003032a00000)]
  0x000001e079babdd0 JavaThread "File lock request listener" [_thread_in_native, id=3648, stack(0x0000003032a00000,0x0000003032b00000)]
  0x000001e079baa0f0 JavaThread "Cache worker for file hash cache (C:\Users\Gaurav\.gradle\caches\7.5\fileHashes)" [_thread_blocked, id=20836, stack(0x0000003032b00000,0x0000003032c00000)]
  0x000001e079ba9c20 JavaThread "File watcher server" daemon [_thread_in_native, id=288, stack(0x0000003032f00000,0x0000003033000000)]
  0x000001e079baa5c0 JavaThread "File watcher consumer" daemon [_thread_blocked, id=22252, stack(0x0000003033000000,0x0000003033100000)]
  0x000001e079ba9750 JavaThread "Cache worker for checksums cache (C:\HackerHearth\AgriPredict\flutter-project\flutter-cosole\android\.gradle\7.5\checksums)" [_thread_blocked, id=24944, stack(0x0000003033100000,0x0000003033200000)]
  0x000001e079bab900 JavaThread "Cache worker for cache directory md-rule (C:\Users\Gaurav\.gradle\caches\7.5\md-rule)" [_thread_blocked, id=30116, stack(0x0000003033300000,0x0000003033400000)]
  0x000001e079baaa90 JavaThread "Cache worker for file content cache (C:\Users\Gaurav\.gradle\caches\7.5\fileContent)" [_thread_blocked, id=15184, stack(0x0000003033400000,0x0000003033500000)]
  0x000001e07b097870 JavaThread "Cache worker for file hash cache (C:\HackerHearth\AgriPredict\flutter-project\flutter-cosole\android\.gradle\7.5\fileHashes)" [_thread_blocked, id=19444, stack(0x0000003033500000,0x0000003033600000)]
  0x000001e07b09d8b0 JavaThread "Cache worker for cache directory md-supplier (C:\Users\Gaurav\.gradle\caches\7.5\md-supplier)" [_thread_blocked, id=16776, stack(0x0000003033600000,0x0000003033700000)]
  0x000001e07b096530 JavaThread "Cache worker for execution history cache (C:\Users\Gaurav\.gradle\caches\7.5\executionHistory)" [_thread_blocked, id=12412, stack(0x0000003033700000,0x0000003033800000)]
  0x000001e07b096a00 JavaThread "jar transforms" [_thread_blocked, id=11332, stack(0x0000003033900000,0x0000003033a00000)]
  0x000001e07b099080 JavaThread "jar transforms Thread 2" [_thread_blocked, id=35032, stack(0x0000003033a00000,0x0000003033b00000)]
  0x000001e07b097d40 JavaThread "jar transforms Thread 3" [_thread_blocked, id=2924, stack(0x0000003033b00000,0x0000003033c00000)]
  0x000001e07b0973a0 JavaThread "jar transforms Thread 4" [_thread_blocked, id=5056, stack(0x0000003033c00000,0x0000003033d00000)]
  0x000001e07b09c0a0 JavaThread "jar transforms Thread 5" [_thread_blocked, id=19068, stack(0x0000003033d00000,0x0000003033e00000)]
  0x000001e07b09a890 JavaThread "jar transforms Thread 6" [_thread_blocked, id=8644, stack(0x0000003033e00000,0x0000003033f00000)]
  0x000001e07b098210 JavaThread "Cache worker for dependencies-accessors (C:\HackerHearth\AgriPredict\flutter-project\flutter-cosole\android\.gradle\7.5\dependencies-accessors)" [_thread_blocked, id=33956, stack(0x0000003033f00000,0x0000003034000000)]
  0x000001e07b0986e0 JavaThread "jar transforms Thread 7" [_thread_blocked, id=3344, stack(0x0000003034000000,0x0000003034100000)]
  0x000001e07b09bbd0 JavaThread "Cache worker for Build Output Cleanup Cache (C:\HackerHearth\AgriPredict\flutter-project\flutter-cosole\android\.gradle\buildOutputCleanup)" [_thread_blocked, id=16148, stack(0x0000003034100000,0x0000003034200000)]
  0x000001e07b098bb0 JavaThread "Unconstrained build operations" [_thread_blocked, id=23164, stack(0x0000003034200000,0x0000003034300000)]
  0x000001e07b099ef0 JavaThread "Unconstrained build operations Thread 2" [_thread_blocked, id=29988, stack(0x0000003034300000,0x0000003034400000)]
  0x000001e07b09a3c0 JavaThread "Unconstrained build operations Thread 3" [_thread_blocked, id=1272, stack(0x0000003034400000,0x0000003034500000)]
  0x000001e07b09ca40 JavaThread "Unconstrained build operations Thread 4" [_thread_blocked, id=11624, stack(0x0000003034500000,0x0000003034600000)]
  0x000001e07b09ad60 JavaThread "Unconstrained build operations Thread 5" [_thread_blocked, id=4236, stack(0x0000003034600000,0x0000003034700000)]
  0x000001e07b09cf10 JavaThread "Unconstrained build operations Thread 6" [_thread_blocked, id=24328, stack(0x0000003034700000,0x0000003034800000)]
  0x000001e07b09b230 JavaThread "Unconstrained build operations Thread 7" [_thread_blocked, id=6624, stack(0x0000003034800000,0x0000003034900000)]
  0x000001e07a72c510 JavaThread "Unconstrained build operations Thread 8" [_thread_blocked, id=20056, stack(0x0000003034900000,0x0000003034a00000)]
  0x000001e07a72d850 JavaThread "Unconstrained build operations Thread 9" [_thread_blocked, id=37448, stack(0x0000003034a00000,0x0000003034b00000)]
  0x000001e07a7281b0 JavaThread "Unconstrained build operations Thread 10" [_thread_blocked, id=13008, stack(0x0000003034b00000,0x0000003034c00000)]
  0x000001e07a727ce0 JavaThread "Unconstrained build operations Thread 11" [_thread_blocked, id=3164, stack(0x0000003034c00000,0x0000003034d00000)]
  0x000001e07a7294f0 JavaThread "Unconstrained build operations Thread 12" [_thread_blocked, id=23028, stack(0x0000003034d00000,0x0000003034e00000)]
  0x000001e07a729e90 JavaThread "Unconstrained build operations Thread 13" [_thread_blocked, id=35200, stack(0x0000003034e00000,0x0000003034f00000)]
  0x000001e07a72ad00 JavaThread "Unconstrained build operations Thread 14" [_thread_blocked, id=30248, stack(0x0000003034f00000,0x0000003035000000)]
  0x000001e07a728680 JavaThread "Unconstrained build operations Thread 15" [_thread_blocked, id=21164, stack(0x0000003035000000,0x0000003035100000)]
  0x000001e07a72c040 JavaThread "Unconstrained build operations Thread 16" [_thread_blocked, id=24336, stack(0x0000003035100000,0x0000003035200000)]
  0x000001e07a728b50 JavaThread "Unconstrained build operations Thread 17" [_thread_blocked, id=13000, stack(0x0000003035200000,0x0000003035300000)]
  0x000001e07a72b1d0 JavaThread "Unconstrained build operations Thread 18" [_thread_blocked, id=26968, stack(0x0000003035300000,0x0000003035400000)]
  0x000001e07a729020 JavaThread "Unconstrained build operations Thread 19" [_thread_blocked, id=14588, stack(0x0000003035400000,0x0000003035500000)]
  0x000001e07a72b6a0 JavaThread "Unconstrained build operations Thread 20" [_thread_blocked, id=19464, stack(0x0000003035500000,0x0000003035600000)]
  0x000001e07a7299c0 JavaThread "Unconstrained build operations Thread 21" [_thread_blocked, id=37264, stack(0x0000003035600000,0x0000003035700000)]
  0x000001e07a72a360 JavaThread "Unconstrained build operations Thread 22" [_thread_blocked, id=12992, stack(0x0000003035700000,0x0000003035800000)]
  0x000001e07a72c9e0 JavaThread "Unconstrained build operations Thread 23" [_thread_blocked, id=4828, stack(0x0000003035800000,0x0000003035900000)]
  0x000001e07a72bb70 JavaThread "Unconstrained build operations Thread 24" [_thread_blocked, id=16708, stack(0x0000003035900000,0x0000003035a00000)]
  0x000001e07a72ceb0 JavaThread "Unconstrained build operations Thread 25" [_thread_blocked, id=12908, stack(0x0000003035a00000,0x0000003035b00000)]
  0x000001e07a727810 JavaThread "Unconstrained build operations Thread 26" [_thread_blocked, id=34000, stack(0x0000003035b00000,0x0000003035c00000)]
  0x000001e07a72d380 JavaThread "Unconstrained build operations Thread 27" [_thread_blocked, id=34492, stack(0x0000003035c00000,0x0000003035d00000)]
  0x000001e07a72a830 JavaThread "Unconstrained build operations Thread 28" [_thread_blocked, id=10220, stack(0x0000003035d00000,0x0000003035e00000)]
  0x000001e07a7269a0 JavaThread "Unconstrained build operations Thread 29" [_thread_blocked, id=29944, stack(0x0000003035e00000,0x0000003035f00000)]
  0x000001e07a72dd20 JavaThread "Unconstrained build operations Thread 30" [_thread_blocked, id=22320, stack(0x0000003035f00000,0x0000003036000000)]
  0x000001e07a72e1f0 JavaThread "Unconstrained build operations Thread 31" [_thread_blocked, id=36924, stack(0x0000003036000000,0x0000003036100000)]
  0x000001e07a726e70 JavaThread "Unconstrained build operations Thread 32" [_thread_blocked, id=4776, stack(0x0000003036100000,0x0000003036200000)]
  0x000001e07a727340 JavaThread "Unconstrained build operations Thread 33" [_thread_blocked, id=17196, stack(0x0000003036200000,0x0000003036300000)]
  0x000001e07ad71970 JavaThread "Unconstrained build operations Thread 34" [_thread_blocked, id=19716, stack(0x0000003036300000,0x0000003036400000)]
  0x000001e07ad714a0 JavaThread "Unconstrained build operations Thread 35" [_thread_blocked, id=29072, stack(0x0000003036400000,0x0000003036500000)]
  0x000001e07ad70fd0 JavaThread "Unconstrained build operations Thread 36" [_thread_blocked, id=23248, stack(0x0000003036500000,0x0000003036600000)]
  0x000001e07ad71e40 JavaThread "Unconstrained build operations Thread 37" [_thread_blocked, id=33428, stack(0x0000003036600000,0x0000003036700000)]
  0x000001e07ad70b00 JavaThread "Unconstrained build operations Thread 38" [_thread_blocked, id=27248, stack(0x0000003036700000,0x0000003036800000)]
  0x000001e07ad72310 JavaThread "Unconstrained build operations Thread 39" [_thread_blocked, id=1764, stack(0x0000003036800000,0x0000003036900000)]
  0x000001e07ad727e0 JavaThread "Unconstrained build operations Thread 40" [_thread_blocked, id=37572, stack(0x0000003036900000,0x0000003036a00000)]
  0x000001e07ad73650 JavaThread "Unconstrained build operations Thread 41" [_thread_blocked, id=24588, stack(0x0000003036a00000,0x0000003036b00000)]
  0x000001e07ad70160 JavaThread "Unconstrained build operations Thread 42" [_thread_blocked, id=6708, stack(0x0000003036b00000,0x0000003036c00000)]
  0x000001e07ad72cb0 JavaThread "Unconstrained build operations Thread 43" [_thread_blocked, id=36060, stack(0x0000003036c00000,0x0000003036d00000)]
  0x000001e07ad6fc90 JavaThread "Unconstrained build operations Thread 44" [_thread_blocked, id=12236, stack(0x0000003036d00000,0x0000003036e00000)]
  0x000001e07ad70630 JavaThread "Unconstrained build operations Thread 45" [_thread_blocked, id=21904, stack(0x0000003036e00000,0x0000003036f00000)]
  0x000001e07ad73180 JavaThread "Unconstrained build operations Thread 46" [_thread_blocked, id=21456, stack(0x0000003036f00000,0x0000003037000000)]
  0x000001e0784e3580 JavaThread "Unconstrained build operations Thread 47" [_thread_blocked, id=14200, stack(0x0000003037000000,0x0000003037100000)]
  0x000001e0784de880 JavaThread "Unconstrained build operations Thread 48" [_thread_blocked, id=1884, stack(0x0000003037100000,0x0000003037200000)]
  0x000001e0784dda10 JavaThread "Unconstrained build operations Thread 49" [_thread_blocked, id=12232, stack(0x0000003037200000,0x0000003037300000)]
  0x000001e0784e18a0 JavaThread "Unconstrained build operations Thread 50" [_thread_blocked, id=8068, stack(0x0000003037300000,0x0000003037400000)]
  0x000001e0784e1d70 JavaThread "Unconstrained build operations Thread 51" [_thread_blocked, id=12348, stack(0x0000003037400000,0x0000003037500000)]
  0x000001e0784e2240 JavaThread "Unconstrained build operations Thread 52" [_thread_blocked, id=2216, stack(0x0000003037500000,0x0000003037600000)]
  0x000001e0784e0f00 JavaThread "Unconstrained build operations Thread 53" [_thread_blocked, id=22732, stack(0x0000003037600000,0x0000003037700000)]
  0x000001e0784de3b0 JavaThread "Unconstrained build operations Thread 54" [_thread_blocked, id=29164, stack(0x0000003037700000,0x0000003037800000)]
  0x000001e0784e30b0 JavaThread "Unconstrained build operations Thread 55" [_thread_blocked, id=33740, stack(0x0000003037800000,0x0000003037900000)]
  0x000001e0784e2710 JavaThread "Unconstrained build operations Thread 56" [_thread_blocked, id=15676, stack(0x0000003037900000,0x0000003037a00000)]
  0x000001e0784e13d0 JavaThread "Unconstrained build operations Thread 57" [_thread_blocked, id=14676, stack(0x0000003037a00000,0x0000003037b00000)]
  0x000001e0784e2be0 JavaThread "Unconstrained build operations Thread 58" [_thread_blocked, id=1628, stack(0x0000003037b00000,0x0000003037c00000)]
  0x000001e0784e0a30 JavaThread "Unconstrained build operations Thread 59" [_thread_blocked, id=34596, stack(0x0000003037c00000,0x0000003037d00000)]
  0x000001e0784df6f0 JavaThread "Unconstrained build operations Thread 60" [_thread_blocked, id=2792, stack(0x0000003037d00000,0x0000003037e00000)]
  0x000001e0784ded50 JavaThread "Unconstrained build operations Thread 61" [_thread_blocked, id=19304, stack(0x0000003037e00000,0x0000003037f00000)]
  0x000001e0784dc200 JavaThread "Unconstrained build operations Thread 62" [_thread_blocked, id=14232, stack(0x0000003037f00000,0x0000003038000000)]
  0x000001e0784e3a50 JavaThread "Unconstrained build operations Thread 63" [_thread_blocked, id=30148, stack(0x0000003038000000,0x0000003038100000)]
  0x000001e0784dc6d0 JavaThread "Unconstrained build operations Thread 64" [_thread_blocked, id=18764, stack(0x0000003038100000,0x0000003038200000)]
  0x000001e0784dcba0 JavaThread "Unconstrained build operations Thread 65" [_thread_blocked, id=34776, stack(0x0000003038200000,0x0000003038300000)]
  0x000001e0784dd070 JavaThread "Unconstrained build operations Thread 66" [_thread_blocked, id=8948, stack(0x0000003038300000,0x0000003038400000)]
  0x000001e0784dfbc0 JavaThread "Unconstrained build operations Thread 67" [_thread_blocked, id=23204, stack(0x0000003038400000,0x0000003038500000)]
  0x000001e0784e0090 JavaThread "Unconstrained build operations Thread 68" [_thread_blocked, id=16344, stack(0x0000003038500000,0x0000003038600000)]
  0x000001e0784e0560 JavaThread "Unconstrained build operations Thread 69" [_thread_blocked, id=23884, stack(0x0000003038600000,0x0000003038700000)]
  0x000001e0784dd540 JavaThread "Unconstrained build operations Thread 70" [_thread_blocked, id=14152, stack(0x0000003038700000,0x0000003038800000)]
  0x000001e0784ddee0 JavaThread "Unconstrained build operations Thread 71" [_thread_blocked, id=26716, stack(0x0000003038800000,0x0000003038900000)]
  0x000001e0784df220 JavaThread "Unconstrained build operations Thread 72" [_thread_blocked, id=6136, stack(0x0000003038900000,0x0000003038a00000)]
  0x000001e078c6ca40 JavaThread "Unconstrained build operations Thread 73" [_thread_blocked, id=22188, stack(0x0000003038a00000,0x0000003038b00000)]
  0x000001e078c68bb0 JavaThread "Unconstrained build operations Thread 74" [_thread_blocked, id=25496, stack(0x0000003038b00000,0x0000003038c00000)]
  0x000001e078c6e250 JavaThread "Unconstrained build operations Thread 75" [_thread_blocked, id=20224, stack(0x0000003038c00000,0x0000003038d00000)]
  0x000001e078c69a20 JavaThread "Unconstrained build operations Thread 76" [_thread_blocked, id=16584, stack(0x0000003038d00000,0x0000003038e00000)]
  0x000001e078c6c0a0 JavaThread "Unconstrained build operations Thread 77" [_thread_blocked, id=19084, stack(0x0000003038e00000,0x0000003038f00000)]
  0x000001e078c6e720 JavaThread "Unconstrained build operations Thread 78" [_thread_blocked, id=9088, stack(0x0000003038f00000,0x0000003039000000)]
  0x000001e078c6f590 JavaThread "Unconstrained build operations Thread 79" [_thread_blocked, id=31224, stack(0x0000003039000000,0x0000003039100000)]
  0x000001e078c69ef0 JavaThread "Unconstrained build operations Thread 80" [_thread_blocked, id=24708, stack(0x0000003039100000,0x0000003039200000)]
  0x000001e078c6a3c0 JavaThread "jar transforms Thread 8" [_thread_blocked, id=25624, stack(0x0000003033800000,0x0000003033900000)]
  0x000001e0786c93c0 JavaThread "C2 CompilerThread1" daemon [_thread_blocked, id=36960, stack(0x0000003039200000,0x0000003039300000)]
  0x000001e078c6d3e0 JavaThread "Memory manager" [_thread_blocked, id=10260, stack(0x0000003039300000,0x0000003039400000)]

Other Threads:
  0x000001e0570976a0 VMThread "VM Thread" [stack: 0x0000003030e00000,0x0000003030f00000] [id=8376]
  0x000001e078219800 WatcherThread "VM Periodic Task Thread" [stack: 0x0000003031a00000,0x0000003031b00000] [id=20316]
  0x000001e05707f4e0 WorkerThread "GC Thread#0" [stack: 0x0000003030900000,0x0000003030a00000] [id=2996]
  0x000001e07829a8a0 WorkerThread "GC Thread#1" [stack: 0x0000003031b00000,0x0000003031c00000] [id=26412]
  0x000001e07829ade0 WorkerThread "GC Thread#2" [stack: 0x0000003031c00000,0x0000003031d00000] [id=28956]
  0x000001e07829a600 WorkerThread "GC Thread#3" [stack: 0x0000003031d00000,0x0000003031e00000] [id=25668]
  0x000001e07829b860 WorkerThread "GC Thread#4" [stack: 0x0000003031e00000,0x0000003031f00000] [id=12484]
  0x000001e07829b5c0 WorkerThread "GC Thread#5" [stack: 0x0000003032c00000,0x0000003032d00000] [id=13296]
  0x000001e07ad34d70 WorkerThread "GC Thread#6" [stack: 0x0000003032d00000,0x0000003032e00000] [id=17508]
  0x000001e07ad36cf0 WorkerThread "GC Thread#7" [stack: 0x0000003032e00000,0x0000003032f00000] [id=2460]
  0x000001e05708e570 ConcurrentGCThread "G1 Main Marker" [stack: 0x0000003030a00000,0x0000003030b00000] [id=33900]
  0x000001e05708f330 WorkerThread "G1 Conc#0" [stack: 0x0000003030b00000,0x0000003030c00000] [id=5516]
  0x000001e07ad36a50 WorkerThread "G1 Conc#1" [stack: 0x0000003033200000,0x0000003033300000] [id=26272]
  0x000001e0570becd0 ConcurrentGCThread "G1 Refine#0" [stack: 0x0000003030c00000,0x0000003030d00000] [id=6712]
  0x000001e073e44a30 ConcurrentGCThread "G1 Service" [stack: 0x0000003030d00000,0x0000003030e00000] [id=28084]

Threads with active compile tasks:
C2 CompilerThread0    14798 7303       4       java.io.ObjectOutputStream::writeClassDesc (60 bytes)
C1 CompilerThread0    14799 7411       3       org.objectweb.asm.MethodWriter::visitFieldInsn (258 bytes)

VM state: not at safepoint (normal execution)

VM Mutex/Monitor currently owned by a thread: None

Heap address: 0x00000000a0000000, size: 1536 MB, Compressed Oops mode: 32-bit

CDS archive(s) mapped at: [0x0000000800000000-0x0000000800ba0000-0x0000000800ba0000), size 12189696, SharedBaseAddress: 0x0000000800000000, ArchiveRelocationMode: 0.
Compressed class space mapped at: 0x0000000800c00000-0x0000000840c00000, reserved size: 1073741824
Narrow klass base: 0x0000000800000000, Narrow klass shift: 0, Narrow klass range: 0x100000000

GC Precious Log:
 CardTable entry size: 512
 Card Set container configuration: InlinePtr #cards 5 size 8 Array Of Cards #cards 12 size 40 Howl #buckets 4 coarsen threshold 1843 Howl Bitmap #cards 512 size 80 coarsen threshold 460 Card regions per heap region 1 cards per card region 2048
 CPUs: 8 total, 8 available
 Memory: 7941M
 Large Page Support: Disabled
 NUMA Support: Disabled
 Compressed Oops: Enabled (32-bit)
 Heap Region Size: 1M
 Heap Min Capacity: 8M
 Heap Initial Capacity: 126M
 Heap Max Capacity: 1536M
 Pre-touch: Disabled
 Parallel Workers: 8
 Concurrent Workers: 2
 Concurrent Refinement Workers: 8
 Periodic GC: Disabled

Heap:
 garbage-first heap   total 117760K, used 67662K [0x00000000a0000000, 0x0000000100000000)
  region size 1024K, 14 young (14336K), 4 survivors (4096K)
 Metaspace       used 57185K, committed 58816K, reserved 1114112K
  class space    used 7696K, committed 8512K, reserved 1048576K

Heap Regions: E=young(eden), S=young(survivor), O=old, HS=humongous(starts), HC=humongous(continues), CS=collection set, F=free, OA=open archive, CA=closed archive, TAMS=top-at-mark-start (previous, next)
|   0|0x00000000a0000000, 0x00000000a0100000, 0x00000000a0100000|100%| O|  |TAMS 0x00000000a0100000, 0x00000000a0000000| Untracked 
|   1|0x00000000a0100000, 0x00000000a0200000, 0x00000000a0200000|100%| O|  |TAMS 0x00000000a0200000, 0x00000000a0100000| Untracked 
|   2|0x00000000a0200000, 0x00000000a0300000, 0x00000000a0300000|100%| O|  |TAMS 0x00000000a0300000, 0x00000000a0200000| Untracked 
|   3|0x00000000a0300000, 0x00000000a0400000, 0x00000000a0400000|100%|HS|  |TAMS 0x00000000a0400000, 0x00000000a0300000| Complete 
|   4|0x00000000a0400000, 0x00000000a0500000, 0x00000000a0500000|100%|HC|  |TAMS 0x00000000a0500000, 0x00000000a0400000| Complete 
|   5|0x00000000a0500000, 0x00000000a0600000, 0x00000000a0600000|100%|HC|  |TAMS 0x00000000a0600000, 0x00000000a0500000| Complete 
|   6|0x00000000a0600000, 0x00000000a0700000, 0x00000000a0700000|100%| O|  |TAMS 0x00000000a0700000, 0x00000000a0600000| Untracked 
|   7|0x00000000a0700000, 0x00000000a0800000, 0x00000000a0800000|100%| O|  |TAMS 0x00000000a0800000, 0x00000000a0700000| Untracked 
|   8|0x00000000a0800000, 0x00000000a0900000, 0x00000000a0900000|100%| O|  |TAMS 0x00000000a0900000, 0x00000000a0800000| Untracked 
|   9|0x00000000a0900000, 0x00000000a0a00000, 0x00000000a0a00000|100%| O|  |TAMS 0x00000000a0a00000, 0x00000000a0900000| Untracked 
|  10|0x00000000a0a00000, 0x00000000a0b00000, 0x00000000a0b00000|100%| O|  |TAMS 0x00000000a0b00000, 0x00000000a0a00000| Untracked 
|  11|0x00000000a0b00000, 0x00000000a0c00000, 0x00000000a0c00000|100%| O|  |TAMS 0x00000000a0c00000, 0x00000000a0b00000| Untracked 
|  12|0x00000000a0c00000, 0x00000000a0d00000, 0x00000000a0d00000|100%| O|  |TAMS 0x00000000a0d00000, 0x00000000a0c00000| Untracked 
|  13|0x00000000a0d00000, 0x00000000a0e00000, 0x00000000a0e00000|100%| O|  |TAMS 0x00000000a0e00000, 0x00000000a0d00000| Untracked 
|  14|0x00000000a0e00000, 0x00000000a0f00000, 0x00000000a0f00000|100%| O|  |TAMS 0x00000000a0f00000, 0x00000000a0e00000| Untracked 
|  15|0x00000000a0f00000, 0x00000000a1000000, 0x00000000a1000000|100%| O|  |TAMS 0x00000000a1000000, 0x00000000a0f00000| Untracked 
|  16|0x00000000a1000000, 0x00000000a1100000, 0x00000000a1100000|100%| O|  |TAMS 0x00000000a1100000, 0x00000000a1000000| Untracked 
|  17|0x00000000a1100000, 0x00000000a1200000, 0x00000000a1200000|100%| O|  |TAMS 0x00000000a1200000, 0x00000000a1100000| Untracked 
|  18|0x00000000a1200000, 0x00000000a1300000, 0x00000000a1300000|100%| O|  |TAMS 0x00000000a1300000, 0x00000000a1200000| Untracked 
|  19|0x00000000a1300000, 0x00000000a1309800, 0x00000000a1400000|  3%| O|  |TAMS 0x00000000a1309800, 0x00000000a1300000| Untracked 
|  20|0x00000000a1400000, 0x00000000a1500000, 0x00000000a1500000|100%| O|  |TAMS 0x00000000a1500000, 0x00000000a1400000| Untracked 
|  21|0x00000000a1500000, 0x00000000a1600000, 0x00000000a1600000|100%| O|  |TAMS 0x00000000a1600000, 0x00000000a1500000| Untracked 
|  22|0x00000000a1600000, 0x00000000a1700000, 0x00000000a1700000|100%| O|  |TAMS 0x00000000a1700000, 0x00000000a1600000| Untracked 
|  23|0x00000000a1700000, 0x00000000a1800000, 0x00000000a1800000|100%| O|  |TAMS 0x00000000a1800000, 0x00000000a1700000| Untracked 
|  24|0x00000000a1800000, 0x00000000a1900000, 0x00000000a1900000|100%| O|  |TAMS 0x00000000a1900000, 0x00000000a1800000| Untracked 
|  25|0x00000000a1900000, 0x00000000a1a00000, 0x00000000a1a00000|100%| O|  |TAMS 0x00000000a1a00000, 0x00000000a1900000| Untracked 
|  26|0x00000000a1a00000, 0x00000000a1b00000, 0x00000000a1b00000|100%| O|  |TAMS 0x00000000a1b00000, 0x00000000a1a00000| Untracked 
|  27|0x00000000a1b00000, 0x00000000a1c00000, 0x00000000a1c00000|100%| O|  |TAMS 0x00000000a1c00000, 0x00000000a1b00000| Untracked 
|  28|0x00000000a1c00000, 0x00000000a1d00000, 0x00000000a1d00000|100%| O|  |TAMS 0x00000000a1d00000, 0x00000000a1c00000| Untracked 
|  29|0x00000000a1d00000, 0x00000000a1e00000, 0x00000000a1e00000|100%| O|  |TAMS 0x00000000a1e00000, 0x00000000a1d00000| Untracked 
|  30|0x00000000a1e00000, 0x00000000a1f00000, 0x00000000a1f00000|100%| O|  |TAMS 0x00000000a1f00000, 0x00000000a1e00000| Untracked 
|  31|0x00000000a1f00000, 0x00000000a2000000, 0x00000000a2000000|100%| O|  |TAMS 0x00000000a2000000, 0x00000000a1f00000| Untracked 
|  32|0x00000000a2000000, 0x00000000a2100000, 0x00000000a2100000|100%| O|  |TAMS 0x00000000a2100000, 0x00000000a2000000| Untracked 
|  33|0x00000000a2100000, 0x00000000a2200000, 0x00000000a2200000|100%| O|  |TAMS 0x00000000a2200000, 0x00000000a2100000| Untracked 
|  34|0x00000000a2200000, 0x00000000a2300000, 0x00000000a2300000|100%|HS|  |TAMS 0x00000000a2300000, 0x00000000a2200000| Complete 
|  35|0x00000000a2300000, 0x00000000a2400000, 0x00000000a2400000|100%| O|  |TAMS 0x00000000a2400000, 0x00000000a2300000| Untracked 
|  36|0x00000000a2400000, 0x00000000a2500000, 0x00000000a2500000|100%|HS|  |TAMS 0x00000000a2500000, 0x00000000a2400000| Complete 
|  37|0x00000000a2500000, 0x00000000a2600000, 0x00000000a2600000|100%|HS|  |TAMS 0x00000000a2600000, 0x00000000a2500000| Complete 
|  38|0x00000000a2600000, 0x00000000a2700000, 0x00000000a2700000|100%| O|  |TAMS 0x00000000a2700000, 0x00000000a2600000| Untracked 
|  39|0x00000000a2700000, 0x00000000a2800000, 0x00000000a2800000|100%| O|  |TAMS 0x00000000a2800000, 0x00000000a2700000| Untracked 
|  40|0x00000000a2800000, 0x00000000a2900000, 0x00000000a2900000|100%|HS|  |TAMS 0x00000000a2900000, 0x00000000a2800000| Complete 
|  41|0x00000000a2900000, 0x00000000a2a00000, 0x00000000a2a00000|100%|HC|  |TAMS 0x00000000a2a00000, 0x00000000a2900000| Complete 
|  42|0x00000000a2a00000, 0x00000000a2b00000, 0x00000000a2b00000|100%|HC|  |TAMS 0x00000000a2b00000, 0x00000000a2a00000| Complete 
|  43|0x00000000a2b00000, 0x00000000a2c00000, 0x00000000a2c00000|100%| O|  |TAMS 0x00000000a2c00000, 0x00000000a2b00000| Untracked 
|  44|0x00000000a2c00000, 0x00000000a2d00000, 0x00000000a2d00000|100%| O|  |TAMS 0x00000000a2d00000, 0x00000000a2c00000| Untracked 
|  45|0x00000000a2d00000, 0x00000000a2e00000, 0x00000000a2e00000|100%| O|  |TAMS 0x00000000a2e00000, 0x00000000a2d00000| Untracked 
|  46|0x00000000a2e00000, 0x00000000a2f00000, 0x00000000a2f00000|100%| O|  |TAMS 0x00000000a2f00000, 0x00000000a2e00000| Untracked 
|  47|0x00000000a2f00000, 0x00000000a3000000, 0x00000000a3000000|100%| O|  |TAMS 0x00000000a3000000, 0x00000000a2f00000| Untracked 
|  48|0x00000000a3000000, 0x00000000a3100000, 0x00000000a3100000|100%|HS|  |TAMS 0x00000000a3100000, 0x00000000a3000000| Complete 
|  49|0x00000000a3100000, 0x00000000a3200000, 0x00000000a3200000|100%|HC|  |TAMS 0x00000000a3200000, 0x00000000a3100000| Complete 
|  50|0x00000000a3200000, 0x00000000a3300000, 0x00000000a3300000|100%| O|  |TAMS 0x00000000a3300000, 0x00000000a3200000| Untracked 
|  51|0x00000000a3300000, 0x00000000a3400000, 0x00000000a3400000|100%| O|  |TAMS 0x00000000a3397600, 0x00000000a3300000| Untracked 
|  52|0x00000000a3400000, 0x00000000a3400000, 0x00000000a3500000|  0%| F|  |TAMS 0x00000000a3400000, 0x00000000a3400000| Untracked 
|  53|0x00000000a3500000, 0x00000000a3500000, 0x00000000a3600000|  0%| F|  |TAMS 0x00000000a3500000, 0x00000000a3500000| Untracked 
|  54|0x00000000a3600000, 0x00000000a3600000, 0x00000000a3700000|  0%| F|  |TAMS 0x00000000a3600000, 0x00000000a3600000| Untracked 
|  55|0x00000000a3700000, 0x00000000a3700000, 0x00000000a3800000|  0%| F|  |TAMS 0x00000000a3700000, 0x00000000a3700000| Untracked 
|  56|0x00000000a3800000, 0x00000000a3800000, 0x00000000a3900000|  0%| F|  |TAMS 0x00000000a3800000, 0x00000000a3800000| Untracked 
|  57|0x00000000a3900000, 0x00000000a3900000, 0x00000000a3a00000|  0%| F|  |TAMS 0x00000000a3900000, 0x00000000a3900000| Untracked 
|  58|0x00000000a3a00000, 0x00000000a3b00000, 0x00000000a3b00000|100%| O|  |TAMS 0x00000000a3a00000, 0x00000000a3a00000| Untracked 
|  59|0x00000000a3b00000, 0x00000000a3c00000, 0x00000000a3c00000|100%| O|  |TAMS 0x00000000a3b00000, 0x00000000a3b00000| Untracked 
|  60|0x00000000a3c00000, 0x00000000a3c0a000, 0x00000000a3d00000|  3%| O|  |TAMS 0x00000000a3c00000, 0x00000000a3c00000| Untracked 
|  61|0x00000000a3d00000, 0x00000000a3d00000, 0x00000000a3e00000|  0%| F|  |TAMS 0x00000000a3d00000, 0x00000000a3d00000| Untracked 
|  62|0x00000000a3e00000, 0x00000000a3e00000, 0x00000000a3f00000|  0%| F|  |TAMS 0x00000000a3e00000, 0x00000000a3e00000| Untracked 
|  63|0x00000000a3f00000, 0x00000000a3f00000, 0x00000000a4000000|  0%| F|  |TAMS 0x00000000a3f00000, 0x00000000a3f00000| Untracked 
|  64|0x00000000a4000000, 0x00000000a4000000, 0x00000000a4100000|  0%| F|  |TAMS 0x00000000a4000000, 0x00000000a4000000| Untracked 
|  65|0x00000000a4100000, 0x00000000a4100000, 0x00000000a4200000|  0%| F|  |TAMS 0x00000000a4100000, 0x00000000a4100000| Untracked 
|  66|0x00000000a4200000, 0x00000000a4200000, 0x00000000a4300000|  0%| F|  |TAMS 0x00000000a4200000, 0x00000000a4200000| Untracked 
|  67|0x00000000a4300000, 0x00000000a4300000, 0x00000000a4400000|  0%| F|  |TAMS 0x00000000a4300000, 0x00000000a4300000| Untracked 
|  68|0x00000000a4400000, 0x00000000a4400000, 0x00000000a4500000|  0%| F|  |TAMS 0x00000000a4400000, 0x00000000a4400000| Untracked 
|  69|0x00000000a4500000, 0x00000000a4500000, 0x00000000a4600000|  0%| F|  |TAMS 0x00000000a4500000, 0x00000000a4500000| Untracked 
|  70|0x00000000a4600000, 0x00000000a4600000, 0x00000000a4700000|  0%| F|  |TAMS 0x00000000a4600000, 0x00000000a4600000| Untracked 
|  71|0x00000000a4700000, 0x00000000a4700000, 0x00000000a4800000|  0%| F|  |TAMS 0x00000000a4700000, 0x00000000a4700000| Untracked 
|  72|0x00000000a4800000, 0x00000000a4800000, 0x00000000a4900000|  0%| F|  |TAMS 0x00000000a4800000, 0x00000000a4800000| Untracked 
|  73|0x00000000a4900000, 0x00000000a4900000, 0x00000000a4a00000|  0%| F|  |TAMS 0x00000000a4900000, 0x00000000a4900000| Untracked 
|  74|0x00000000a4a00000, 0x00000000a4a00000, 0x00000000a4b00000|  0%| F|  |TAMS 0x00000000a4a00000, 0x00000000a4a00000| Untracked 
|  75|0x00000000a4b00000, 0x00000000a4b00000, 0x00000000a4c00000|  0%| F|  |TAMS 0x00000000a4b00000, 0x00000000a4b00000| Untracked 
|  76|0x00000000a4c00000, 0x00000000a4c00000, 0x00000000a4d00000|  0%| F|  |TAMS 0x00000000a4c00000, 0x00000000a4c00000| Untracked 
|  77|0x00000000a4d00000, 0x00000000a4d00000, 0x00000000a4e00000|  0%| F|  |TAMS 0x00000000a4d00000, 0x00000000a4d00000| Untracked 
|  78|0x00000000a4e00000, 0x00000000a4e00000, 0x00000000a4f00000|  0%| F|  |TAMS 0x00000000a4e00000, 0x00000000a4e00000| Untracked 
|  79|0x00000000a4f00000, 0x00000000a4f00000, 0x00000000a5000000|  0%| F|  |TAMS 0x00000000a4f00000, 0x00000000a4f00000| Untracked 
|  80|0x00000000a5000000, 0x00000000a5000000, 0x00000000a5100000|  0%| F|  |TAMS 0x00000000a5000000, 0x00000000a5000000| Untracked 
|  81|0x00000000a5100000, 0x00000000a5100000, 0x00000000a5200000|  0%| F|  |TAMS 0x00000000a5100000, 0x00000000a5100000| Untracked 
|  82|0x00000000a5200000, 0x00000000a5300000, 0x00000000a5300000|100%| S|CS|TAMS 0x00000000a5200000, 0x00000000a5200000| Complete 
|  83|0x00000000a5300000, 0x00000000a5400000, 0x00000000a5400000|100%| S|CS|TAMS 0x00000000a5300000, 0x00000000a5300000| Complete 
|  84|0x00000000a5400000, 0x00000000a5500000, 0x00000000a5500000|100%| S|CS|TAMS 0x00000000a5400000, 0x00000000a5400000| Complete 
|  85|0x00000000a5500000, 0x00000000a5600000, 0x00000000a5600000|100%| S|CS|TAMS 0x00000000a5500000, 0x00000000a5500000| Complete 
|  86|0x00000000a5600000, 0x00000000a5600000, 0x00000000a5700000|  0%| F|  |TAMS 0x00000000a5600000, 0x00000000a5600000| Untracked 
|  87|0x00000000a5700000, 0x00000000a5700000, 0x00000000a5800000|  0%| F|  |TAMS 0x00000000a5700000, 0x00000000a5700000| Untracked 
|  88|0x00000000a5800000, 0x00000000a5800000, 0x00000000a5900000|  0%| F|  |TAMS 0x00000000a5800000, 0x00000000a5800000| Untracked 
|  89|0x00000000a5900000, 0x00000000a5900000, 0x00000000a5a00000|  0%| F|  |TAMS 0x00000000a5900000, 0x00000000a5900000| Untracked 
|  90|0x00000000a5a00000, 0x00000000a5a00000, 0x00000000a5b00000|  0%| F|  |TAMS 0x00000000a5a00000, 0x00000000a5a00000| Untracked 
|  91|0x00000000a5b00000, 0x00000000a5b00000, 0x00000000a5c00000|  0%| F|  |TAMS 0x00000000a5b00000, 0x00000000a5b00000| Untracked 
|  92|0x00000000a5c00000, 0x00000000a5c00000, 0x00000000a5d00000|  0%| F|  |TAMS 0x00000000a5c00000, 0x00000000a5c00000| Untracked 
|  93|0x00000000a5d00000, 0x00000000a5d00000, 0x00000000a5e00000|  0%| F|  |TAMS 0x00000000a5d00000, 0x00000000a5d00000| Untracked 
|  94|0x00000000a5e00000, 0x00000000a5e00000, 0x00000000a5f00000|  0%| F|  |TAMS 0x00000000a5e00000, 0x00000000a5e00000| Untracked 
|  95|0x00000000a5f00000, 0x00000000a5f00000, 0x00000000a6000000|  0%| F|  |TAMS 0x00000000a5f00000, 0x00000000a5f00000| Untracked 
|  96|0x00000000a6000000, 0x00000000a6000000, 0x00000000a6100000|  0%| F|  |TAMS 0x00000000a6000000, 0x00000000a6000000| Untracked 
|  97|0x00000000a6100000, 0x00000000a6100000, 0x00000000a6200000|  0%| F|  |TAMS 0x00000000a6100000, 0x00000000a6100000| Untracked 
|  98|0x00000000a6200000, 0x00000000a6200000, 0x00000000a6300000|  0%| F|  |TAMS 0x00000000a6200000, 0x00000000a6200000| Untracked 
|  99|0x00000000a6300000, 0x00000000a6300000, 0x00000000a6400000|  0%| F|  |TAMS 0x00000000a6300000, 0x00000000a6300000| Untracked 
| 100|0x00000000a6400000, 0x00000000a6400000, 0x00000000a6500000|  0%| F|  |TAMS 0x00000000a6400000, 0x00000000a6400000| Untracked 
| 101|0x00000000a6500000, 0x00000000a6500000, 0x00000000a6600000|  0%| F|  |TAMS 0x00000000a6500000, 0x00000000a6500000| Untracked 
| 102|0x00000000a6600000, 0x00000000a6600000, 0x00000000a6700000|  0%| F|  |TAMS 0x00000000a6600000, 0x00000000a6600000| Untracked 
| 103|0x00000000a6700000, 0x00000000a6700000, 0x00000000a6800000|  0%| F|  |TAMS 0x00000000a6700000, 0x00000000a6700000| Untracked 
| 104|0x00000000a6800000, 0x00000000a6800000, 0x00000000a6900000|  0%| F|  |TAMS 0x00000000a6800000, 0x00000000a6800000| Untracked 
| 105|0x00000000a6900000, 0x00000000a69fb598, 0x00000000a6a00000| 98%| E|  |TAMS 0x00000000a6900000, 0x00000000a6900000| Complete 
| 106|0x00000000a6a00000, 0x00000000a6b00000, 0x00000000a6b00000|100%| E|CS|TAMS 0x00000000a6a00000, 0x00000000a6a00000| Complete 
| 107|0x00000000a6b00000, 0x00000000a6c00000, 0x00000000a6c00000|100%| E|CS|TAMS 0x00000000a6b00000, 0x00000000a6b00000| Complete 
| 108|0x00000000a6c00000, 0x00000000a6d00000, 0x00000000a6d00000|100%| E|CS|TAMS 0x00000000a6c00000, 0x00000000a6c00000| Complete 
| 109|0x00000000a6d00000, 0x00000000a6e00000, 0x00000000a6e00000|100%| E|CS|TAMS 0x00000000a6d00000, 0x00000000a6d00000| Complete 
| 110|0x00000000a6e00000, 0x00000000a6f00000, 0x00000000a6f00000|100%| E|CS|TAMS 0x00000000a6e00000, 0x00000000a6e00000| Complete 
| 111|0x00000000a6f00000, 0x00000000a7000000, 0x00000000a7000000|100%| E|CS|TAMS 0x00000000a6f00000, 0x00000000a6f00000| Complete 
| 112|0x00000000a7000000, 0x00000000a7100000, 0x00000000a7100000|100%| E|CS|TAMS 0x00000000a7000000, 0x00000000a7000000| Complete 
| 113|0x00000000a7100000, 0x00000000a7200000, 0x00000000a7200000|100%| E|CS|TAMS 0x00000000a7100000, 0x00000000a7100000| Complete 
| 125|0x00000000a7d00000, 0x00000000a7e00000, 0x00000000a7e00000|100%| E|CS|TAMS 0x00000000a7d00000, 0x00000000a7d00000| Complete 

Card table byte_map: [0x000001e06df60000,0x000001e06e260000] _byte_map_base: 0x000001e06da60000

Marking Bits (Prev, Next): (CMBitMap*) 0x000001e05707fae0, (CMBitMap*) 0x000001e05707fb20
 Prev Bits: [0x000001e06e560000, 0x000001e06fd60000)
 Next Bits: [0x000001e06fd60000, 0x000001e071560000)

Polling page: 0x000001e054fe0000

Metaspace:

Usage:
  Non-class:     48.34 MB used.
      Class:      7.52 MB used.
       Both:     55.86 MB used.

Virtual space:
  Non-class space:       64.00 MB reserved,      49.12 MB ( 77%) committed,  1 nodes.
      Class space:        1.00 GB reserved,       8.31 MB ( <1%) committed,  1 nodes.
             Both:        1.06 GB reserved,      57.44 MB (  5%) committed. 

Chunk freelists:
   Non-Class:  2.69 MB
       Class:  3.64 MB
        Both:  6.33 MB

MaxMetaspaceSize: unlimited
CompressedClassSpaceSize: 1.00 GB
Initial GC threshold: 21.00 MB
Current GC threshold: 92.31 MB
CDS: on
MetaspaceReclaimPolicy: balanced
 - commit_granule_bytes: 65536.
 - commit_granule_words: 8192.
 - virtual_space_node_default_size: 8388608.
 - enlarge_chunks_in_place: 1.
 - new_chunks_are_fully_committed: 0.
 - uncommit_free_chunks: 1.
 - use_allocation_guard: 0.


Internal statistics:

num_allocs_failed_limit: 6.
num_arena_births: 2840.
num_arena_deaths: 0.
num_vsnodes_births: 2.
num_vsnodes_deaths: 0.
num_space_committed: 919.
num_space_uncommitted: 0.
num_chunks_returned_to_freelist: 6.
num_chunks_taken_from_freelist: 5331.
num_chunk_merges: 6.
num_chunk_splits: 3517.
num_chunks_enlarged: 2235.
num_inconsistent_stats: 0.

CodeHeap 'non-profiled nmethods': size=120000Kb used=3134Kb max_used=3134Kb free=116865Kb
 bounds [0x000001e066400000, 0x000001e066710000, 0x000001e06d930000]
CodeHeap 'profiled nmethods': size=120000Kb used=12683Kb max_used=12683Kb free=107316Kb
 bounds [0x000001e05eed0000, 0x000001e05fb40000, 0x000001e066400000]
CodeHeap 'non-nmethods': size=5760Kb used=2376Kb max_used=2404Kb free=3383Kb
 bounds [0x000001e05e930000, 0x000001e05eba0000, 0x000001e05eed0000]
 total_blobs=7360 nmethods=6482 adapters=790
 compilation: enabled
              stopped_count=0, restarted_count=0
 full_count=0

Compilation events (20 events):
Event: 14.721 Thread 0x000001e073fc0a00 7375   !   3       jdk.proxy1.$Proxy4::annotationType (29 bytes)
Event: 14.721 Thread 0x000001e073fc0a00 nmethod 7375 0x000001e05fb22a10 code [0x000001e05fb22be0, 0x000001e05fb22fd8]
Event: 14.724 Thread 0x000001e0786c93c0 nmethod 7341 0x000001e066709a10 code [0x000001e066709be0, 0x000001e06670aa08]
Event: 14.724 Thread 0x000001e0786c93c0 7376       4       jdk.internal.org.objectweb.asm.ClassReader::readUtf (161 bytes)
Event: 14.730 Thread 0x000001e073fc0a00 7377       1       kotlin.sequences.TransformingSequence::access$getSequence$p (5 bytes)
Event: 14.730 Thread 0x000001e073fc0a00 nmethod 7377 0x000001e06670af10 code [0x000001e06670b0a0, 0x000001e06670b158]
Event: 14.731 Thread 0x000001e073fc0a00 7378       3       org.objectweb.asm.Frame::getLocal (46 bytes)
Event: 14.731 Thread 0x000001e073fc0a00 nmethod 7378 0x000001e05fb23190 code [0x000001e05fb23340, 0x000001e05fb23578]
Event: 14.731 Thread 0x000001e073fc0a00 7379       3       org.objectweb.asm.MethodWriter::visitVarInsn (302 bytes)
Event: 14.732 Thread 0x000001e073fc0a00 nmethod 7379 0x000001e05fb23690 code [0x000001e05fb238e0, 0x000001e05fb24308]
Event: 14.732 Thread 0x000001e073fc0a00 7380       3       org.objectweb.asm.MethodWriter::visitInsn (115 bytes)
Event: 14.733 Thread 0x000001e073fc0a00 nmethod 7380 0x000001e05fb24590 code [0x000001e05fb24760, 0x000001e05fb24be8]
Event: 14.733 Thread 0x000001e073fc0a00 7382       3       org.objectweb.asm.Frame::push (59 bytes)
Event: 14.733 Thread 0x000001e073fc0a00 nmethod 7382 0x000001e05fb24d90 code [0x000001e05fb24fc0, 0x000001e05fb25798]
Event: 14.733 Thread 0x000001e073fc0a00 7381       3       org.objectweb.asm.commons.GeneratorAdapter::fieldInsn (19 bytes)
Event: 14.734 Thread 0x000001e073fc0a00 nmethod 7381 0x000001e05fb25b10 code [0x000001e05fb25ce0, 0x000001e05fb25fe8]
Event: 14.737 Thread 0x000001e073fc0a00 7383       3       org.objectweb.asm.Frame::getInputStackSize (6 bytes)
Event: 14.738 Thread 0x000001e073fc0a00 nmethod 7383 0x000001e05fb26190 code [0x000001e05fb26320, 0x000001e05fb26438]
Event: 14.739 Thread 0x000001e0786c93c0 nmethod 7376 0x000001e06670b210 code [0x000001e06670b3c0, 0x000001e06670bcb8]
Event: 14.739 Thread 0x000001e0786c93c0 7364       4       java.util.Collections$UnmodifiableCollection::iterator (9 bytes)

GC Heap History (20 events):
Event: 11.689 GC heap before
{Heap before GC invocations=12 (full 0):
 garbage-first heap   total 78848K, used 46537K [0x00000000a0000000, 0x0000000100000000)
  region size 1024K, 14 young (14336K), 3 survivors (3072K)
 Metaspace       used 42563K, committed 44032K, reserved 1114112K
  class space    used 5880K, committed 6592K, reserved 1048576K
}
Event: 11.694 GC heap after
{Heap after GC invocations=13 (full 0):
 garbage-first heap   total 78848K, used 38198K [0x00000000a0000000, 0x0000000100000000)
  region size 1024K, 3 young (3072K), 3 survivors (3072K)
 Metaspace       used 42563K, committed 44032K, reserved 1114112K
  class space    used 5880K, committed 6592K, reserved 1048576K
}
Event: 11.905 GC heap before
{Heap before GC invocations=14 (full 0):
 garbage-first heap   total 78848K, used 43318K [0x00000000a0000000, 0x0000000100000000)
  region size 1024K, 8 young (8192K), 3 survivors (3072K)
 Metaspace       used 42573K, committed 44032K, reserved 1114112K
  class space    used 5880K, committed 6592K, reserved 1048576K
}
Event: 11.909 GC heap after
{Heap after GC invocations=15 (full 0):
 garbage-first heap   total 78848K, used 43220K [0x00000000a0000000, 0x0000000100000000)
  region size 1024K, 4 young (4096K), 4 survivors (4096K)
 Metaspace       used 42573K, committed 44032K, reserved 1114112K
  class space    used 5880K, committed 6592K, reserved 1048576K
}
Event: 12.039 GC heap before
{Heap before GC invocations=16 (full 0):
 garbage-first heap   total 86016K, used 49364K [0x00000000a0000000, 0x0000000100000000)
  region size 1024K, 8 young (8192K), 4 survivors (4096K)
 Metaspace       used 42575K, committed 44032K, reserved 1114112K
  class space    used 5880K, committed 6592K, reserved 1048576K
}
Event: 12.042 GC heap after
{Heap after GC invocations=17 (full 0):
 garbage-first heap   total 86016K, used 49068K [0x00000000a0000000, 0x0000000100000000)
  region size 1024K, 2 young (2048K), 2 survivors (2048K)
 Metaspace       used 42575K, committed 44032K, reserved 1114112K
  class space    used 5880K, committed 6592K, reserved 1048576K
}
Event: 12.276 GC heap before
{Heap before GC invocations=18 (full 0):
 garbage-first heap   total 89088K, used 60332K [0x00000000a0000000, 0x0000000100000000)
  region size 1024K, 12 young (12288K), 2 survivors (2048K)
 Metaspace       used 43648K, committed 45120K, reserved 1114112K
  class space    used 6012K, committed 6784K, reserved 1048576K
}
Event: 12.279 GC heap after
{Heap after GC invocations=19 (full 0):
 garbage-first heap   total 89088K, used 52031K [0x00000000a0000000, 0x0000000100000000)
  region size 1024K, 2 young (2048K), 2 survivors (2048K)
 Metaspace       used 43648K, committed 45120K, reserved 1114112K
  class space    used 6012K, committed 6784K, reserved 1048576K
}
Event: 12.498 GC heap before
{Heap before GC invocations=19 (full 0):
 garbage-first heap   total 89088K, used 62271K [0x00000000a0000000, 0x0000000100000000)
  region size 1024K, 12 young (12288K), 2 survivors (2048K)
 Metaspace       used 44918K, committed 46400K, reserved 1114112K
  class space    used 6183K, committed 6912K, reserved 1048576K
}
Event: 12.500 GC heap after
{Heap after GC invocations=20 (full 0):
 garbage-first heap   total 89088K, used 52235K [0x00000000a0000000, 0x0000000100000000)
  region size 1024K, 1 young (1024K), 1 survivors (1024K)
 Metaspace       used 44918K, committed 46400K, reserved 1114112K
  class space    used 6183K, committed 6912K, reserved 1048576K
}
Event: 12.816 GC heap before
{Heap before GC invocations=21 (full 0):
 garbage-first heap   total 94208K, used 63499K [0x00000000a0000000, 0x0000000100000000)
  region size 1024K, 12 young (12288K), 1 survivors (1024K)
 Metaspace       used 46328K, committed 47808K, reserved 1114112K
  class space    used 6361K, committed 7104K, reserved 1048576K
}
Event: 12.818 GC heap after
{Heap after GC invocations=22 (full 0):
 garbage-first heap   total 94208K, used 52710K [0x00000000a0000000, 0x0000000100000000)
  region size 1024K, 1 young (1024K), 1 survivors (1024K)
 Metaspace       used 46328K, committed 47808K, reserved 1114112K
  class space    used 6361K, committed 7104K, reserved 1048576K
}
Event: 13.319 GC heap before
{Heap before GC invocations=22 (full 0):
 garbage-first heap   total 94208K, used 67046K [0x00000000a0000000, 0x0000000100000000)
  region size 1024K, 16 young (16384K), 1 survivors (1024K)
 Metaspace       used 48721K, committed 50304K, reserved 1114112K
  class space    used 6651K, committed 7424K, reserved 1048576K
}
Event: 13.323 GC heap after
{Heap after GC invocations=23 (full 0):
 garbage-first heap   total 113664K, used 53269K [0x00000000a0000000, 0x0000000100000000)
  region size 1024K, 2 young (2048K), 2 survivors (2048K)
 Metaspace       used 48721K, committed 50304K, reserved 1114112K
  class space    used 6651K, committed 7424K, reserved 1048576K
}
Event: 13.883 GC heap before
{Heap before GC invocations=24 (full 0):
 garbage-first heap   total 113664K, used 77845K [0x00000000a0000000, 0x0000000100000000)
  region size 1024K, 26 young (26624K), 2 survivors (2048K)
 Metaspace       used 51889K, committed 53504K, reserved 1114112K
  class space    used 7044K, committed 7872K, reserved 1048576K
}
Event: 13.886 GC heap after
{Heap after GC invocations=25 (full 0):
 garbage-first heap   total 113664K, used 54331K [0x00000000a0000000, 0x0000000100000000)
  region size 1024K, 3 young (3072K), 3 survivors (3072K)
 Metaspace       used 51889K, committed 53504K, reserved 1114112K
  class space    used 7044K, committed 7872K, reserved 1048576K
}
Event: 14.206 GC heap before
{Heap before GC invocations=25 (full 0):
 garbage-first heap   total 113664K, used 66619K [0x00000000a0000000, 0x0000000100000000)
  region size 1024K, 17 young (17408K), 3 survivors (3072K)
 Metaspace       used 55051K, committed 56704K, reserved 1114112K
  class space    used 7424K, committed 8256K, reserved 1048576K
}
Event: 14.212 GC heap after
{Heap after GC invocations=26 (full 0):
 garbage-first heap   total 113664K, used 56316K [0x00000000a0000000, 0x0000000100000000)
  region size 1024K, 4 young (4096K), 4 survivors (4096K)
 Metaspace       used 55051K, committed 56704K, reserved 1114112K
  class space    used 7424K, committed 8256K, reserved 1048576K
}
Event: 14.551 GC heap before
{Heap before GC invocations=27 (full 0):
 garbage-first heap   total 117760K, used 88060K [0x00000000a0000000, 0x0000000100000000)
  region size 1024K, 29 young (29696K), 4 survivors (4096K)
 Metaspace       used 56432K, committed 58112K, reserved 1114112K
  class space    used 7605K, committed 8448K, reserved 1048576K
}
Event: 14.557 GC heap after
{Heap after GC invocations=28 (full 0):
 garbage-first heap   total 117760K, used 58446K [0x00000000a0000000, 0x0000000100000000)
  region size 1024K, 4 young (4096K), 4 survivors (4096K)
 Metaspace       used 56432K, committed 58112K, reserved 1114112K
  class space    used 7605K, committed 8448K, reserved 1048576K
}

Deoptimization events (20 events):
Event: 14.310 Thread 0x000001e0797afa60 DEOPT PACKING pc=0x000001e05eee5438 sp=0x00000030325ee650
Event: 14.310 Thread 0x000001e0797afa60 DEOPT UNPACKING pc=0x000001e05e986763 sp=0x00000030325edad0 mode 0
Event: 14.310 Thread 0x000001e0797afa60 DEOPT PACKING pc=0x000001e05f5d1248 sp=0x00000030325ee5e0
Event: 14.310 Thread 0x000001e0797afa60 DEOPT UNPACKING pc=0x000001e05e986763 sp=0x00000030325eda38 mode 0
Event: 14.311 Thread 0x000001e0797afa60 DEOPT PACKING pc=0x000001e05f5d1248 sp=0x00000030325ee5e0
Event: 14.311 Thread 0x000001e0797afa60 DEOPT UNPACKING pc=0x000001e05e986763 sp=0x00000030325eda38 mode 0
Event: 14.311 Thread 0x000001e0797afa60 DEOPT PACKING pc=0x000001e05f5d1248 sp=0x00000030325ee5e0
Event: 14.311 Thread 0x000001e0797afa60 DEOPT UNPACKING pc=0x000001e05e986763 sp=0x00000030325eda38 mode 0
Event: 14.362 Thread 0x000001e0797afa60 DEOPT PACKING pc=0x000001e05fa1b0c9 sp=0x00000030325f0560
Event: 14.362 Thread 0x000001e0797afa60 DEOPT UNPACKING pc=0x000001e05e986763 sp=0x00000030325efa70 mode 0
Event: 14.429 Thread 0x000001e0797afa60 Uncommon trap: trap_request=0xffffff45 fr.pc=0x000001e06664f18c relative=0x000000000000234c
Event: 14.429 Thread 0x000001e0797afa60 Uncommon trap: reason=unstable_if action=reinterpret pc=0x000001e06664f18c method=java.util.regex.Pattern.has(I)Z @ 6 c2
Event: 14.429 Thread 0x000001e0797afa60 DEOPT PACKING pc=0x000001e06664f18c sp=0x00000030325f21f0
Event: 14.429 Thread 0x000001e0797afa60 DEOPT UNPACKING pc=0x000001e05e985c23 sp=0x00000030325f2170 mode 2
Event: 14.429 Thread 0x000001e0797afa60 Uncommon trap: trap_request=0xffffff45 fr.pc=0x000001e0664d19d8 relative=0x0000000000000058
Event: 14.429 Thread 0x000001e0797afa60 Uncommon trap: reason=unstable_if action=reinterpret pc=0x000001e0664d19d8 method=java.util.regex.Pattern.has(I)Z @ 6 c2
Event: 14.429 Thread 0x000001e0797afa60 DEOPT PACKING pc=0x000001e0664d19d8 sp=0x00000030325f21d0
Event: 14.429 Thread 0x000001e0797afa60 DEOPT UNPACKING pc=0x000001e05e985c23 sp=0x00000030325f2160 mode 2
Event: 14.720 Thread 0x000001e0797afa60 DEOPT PACKING pc=0x000001e05f3b32a3 sp=0x00000030325f1e50
Event: 14.720 Thread 0x000001e0797afa60 DEOPT UNPACKING pc=0x000001e05e986763 sp=0x00000030325f12c0 mode 0

Classes loaded (20 events):
Event: 14.174 Loading class java/security/cert/CertPathValidatorException$Reason done
Event: 14.174 Loading class java/security/cert/CertPathValidatorException$BasicReason done
Event: 14.175 Loading class java/security/SignatureException
Event: 14.175 Loading class java/security/SignatureException done
Event: 14.180 Loading class sun/security/rsa/RSASignature$SHA256withRSA
Event: 14.180 Loading class sun/security/rsa/RSASignature$SHA256withRSA done
Event: 14.182 Loading class sun/security/provider/DSA$SHA256withDSA
Event: 14.182 Loading class sun/security/provider/DSA$SHA256withDSA done
Event: 14.196 Loading class java/util/Base64
Event: 14.197 Loading class java/util/Base64 done
Event: 14.197 Loading class java/util/Base64$Decoder
Event: 14.197 Loading class java/util/Base64$Decoder done
Event: 14.197 Loading class java/util/Base64$Encoder
Event: 14.197 Loading class java/util/Base64$Encoder done
Event: 14.198 Loading class java/util/jar/JarVerifier$VerifierStream
Event: 14.198 Loading class java/util/jar/JarVerifier$VerifierStream done
Event: 14.198 Loading class sun/security/util/ManifestEntryVerifier$SunProviderHolder
Event: 14.199 Loading class sun/security/util/ManifestEntryVerifier$SunProviderHolder done
Event: 14.354 Loading class sun/nio/fs/WindowsException
Event: 14.354 Loading class sun/nio/fs/WindowsException done

Classes unloaded (0 events):
No events

Classes redefined (0 events):
No events

Internal exceptions (20 events):
Event: 12.351 Thread 0x000001e0797afa60 Exception <a 'java/lang/NoSuchMethodError'{0x00000000a53d8350}: 'java.lang.Object java.lang.invoke.DirectMethodHandle$Holder.newInvokeSpecial(java.lang.Object, java.lang.Object, java.lang.Object, java.lang.Object, int)'> (0x00000000a53d8350) 
thrown [s\open\src\hotspot\share\interpreter\linkResolver.cpp, line 759]
Event: 12.351 Thread 0x000001e0797afa60 Exception <a 'java/lang/NoSuchMethodError'{0x00000000a53de0b0}: 'java.lang.Object java.lang.invoke.DirectMethodHandle$Holder.invokeSpecial(java.lang.Object, java.lang.Object, java.lang.Object, java.lang.Object, java.lang.Object, int)'> (0x00000000a53de0b0) 
thrown [s\open\src\hotspot\share\interpreter\linkResolver.cpp, line 759]
Event: 12.352 Thread 0x000001e0797afa60 Exception <a 'java/lang/NoSuchMethodError'{0x00000000a53e37c0}: 'java.lang.Object java.lang.invoke.Invokers$Holder.linkToTargetMethod(java.lang.Object, java.lang.Object, java.lang.Object, int, java.lang.Object)'> (0x00000000a53e37c0) 
thrown [s\open\src\hotspot\share\interpreter\linkResolver.cpp, line 759]
Event: 12.370 Thread 0x000001e0797afa60 Exception <a 'java/lang/NoSuchMethodError'{0x00000000a52b27a0}: 'java.lang.Object java.lang.invoke.DirectMethodHandle$Holder.newInvokeSpecial(java.lang.Object, java.lang.Object, int, int)'> (0x00000000a52b27a0) 
thrown [s\open\src\hotspot\share\interpreter\linkResolver.cpp, line 759]
Event: 12.370 Thread 0x000001e0797afa60 Exception <a 'java/lang/NoSuchMethodError'{0x00000000a52b88d8}: 'java.lang.Object java.lang.invoke.DirectMethodHandle$Holder.invokeSpecial(java.lang.Object, java.lang.Object, java.lang.Object, int, int)'> (0x00000000a52b88d8) 
thrown [s\open\src\hotspot\share\interpreter\linkResolver.cpp, line 759]
Event: 12.379 Thread 0x000001e0797afa60 Exception <a 'java/lang/NoSuchMethodError'{0x00000000a511d060}: 'void java.lang.invoke.DirectMethodHandle$Holder.invokeSpecial(java.lang.Object, java.lang.Object, int)'> (0x00000000a511d060) 
thrown [s\open\src\hotspot\share\interpreter\linkResolver.cpp, line 759]
Event: 12.380 Thread 0x000001e0797afa60 Exception <a 'java/lang/NoSuchMethodError'{0x00000000a5122518}: 'void java.lang.invoke.Invokers$Holder.invokeExact_MT(java.lang.Object, int, java.lang.Object)'> (0x00000000a5122518) 
thrown [s\open\src\hotspot\share\interpreter\linkResolver.cpp, line 759]
Event: 12.664 Thread 0x000001e0797afa60 Exception <a 'java/lang/NoSuchMethodError'{0x00000000a55355e0}: 'void java.lang.invoke.Invokers$Holder.invokeExact_MT(java.lang.Object, java.lang.Object, java.lang.Object, java.lang.Object)'> (0x00000000a55355e0) 
thrown [s\open\src\hotspot\share\interpreter\linkResolver.cpp, line 759]
Event: 12.668 Thread 0x000001e0797afa60 Exception <a 'java/lang/NoSuchMethodError'{0x00000000a553f500}: 'void java.lang.invoke.DelegatingMethodHandle$Holder.reinvoke_L(java.lang.Object, java.lang.Object, int)'> (0x00000000a553f500) 
thrown [s\open\src\hotspot\share\interpreter\linkResolver.cpp, line 759]
Event: 12.669 Thread 0x000001e0797afa60 Exception <a 'java/lang/NoSuchMethodError'{0x00000000a5547e98}: 'void java.lang.invoke.Invokers$Holder.invokeExact_MT(java.lang.Object, java.lang.Object, int, java.lang.Object)'> (0x00000000a5547e98) 
thrown [s\open\src\hotspot\share\interpreter\linkResolver.cpp, line 759]
Event: 13.091 Thread 0x000001e0797afa60 Exception <a 'java/lang/NoSuchMethodError'{0x00000000a538ea00}: 'int java.lang.invoke.DirectMethodHandle$Holder.invokeInterface(java.lang.Object, java.lang.Object, java.lang.Object, java.lang.Object)'> (0x00000000a538ea00) 
thrown [s\open\src\hotspot\share\interpreter\linkResolver.cpp, line 759]
Event: 13.852 Thread 0x000001e0797afa60 Exception <a 'java/lang/NoSuchMethodError'{0x00000000a58d9180}: 'java.lang.Object java.lang.invoke.DirectMethodHandle$Holder.newInvokeSpecial(java.lang.Object, java.lang.Object, java.lang.Object, java.lang.Object, java.lang.Object, java.lang.Object, java.lang.Object, java.lang.Object, java.lang.Object, java.lang.Object, java.lang.Object, java.lang.Object, java.lang.Object, java.lang.Object, java.lang.Object)'> (0x00000000a58d9180) 
thrown [s\open\src\hotspot\share\interpreter\linkResolver.cpp, line 759]
Event: 13.907 Thread 0x000001e0797afa60 Exception <a 'java/lang/IncompatibleClassChangeError'{0x00000000a7d24dd8}: Found class java.lang.Object, but interface was expected> (0x00000000a7d24dd8) 
thrown [s\open\src\hotspot\share\interpreter\linkResolver.cpp, line 826]
Event: 13.969 Thread 0x000001e0797afa60 Implicit null exception at 0x000001e06661f354 to 0x000001e06661f508
Event: 13.969 Thread 0x000001e0797afa60 Implicit null exception at 0x000001e06661b082 to 0x000001e06661cb84
Event: 13.971 Thread 0x000001e0797afa60 Exception <a 'java/lang/IncompatibleClassChangeError'{0x00000000a6d90518}: Found class java.lang.Object, but interface was expected> (0x00000000a6d90518) 
thrown [s\open\src\hotspot\share\interpreter\linkResolver.cpp, line 826]
Event: 13.971 Thread 0x000001e0797afa60 Exception <a 'java/lang/NoSuchMethodError'{0x00000000a6d92fb0}: 'long java.lang.invoke.DelegatingMethodHandle$Holder.reinvoke_L(java.lang.Object, java.lang.Object)'> (0x00000000a6d92fb0) 
thrown [s\open\src\hotspot\share\interpreter\linkResolver.cpp, line 759]
Event: 13.972 Thread 0x000001e0797afa60 Exception <a 'java/lang/IncompatibleClassChangeError'{0x00000000a6d9f520}: Found class java.lang.Object, but interface was expected> (0x00000000a6d9f520) 
thrown [s\open\src\hotspot\share\interpreter\linkResolver.cpp, line 826]
Event: 14.134 Thread 0x000001e0797afa60 Implicit null exception at 0x000001e0665bb08c to 0x000001e0665bb1be
Event: 14.354 Thread 0x000001e0797afa60 Exception <a 'sun/nio/fs/WindowsException'{0x00000000a6ece060}> (0x00000000a6ece060) 
thrown [s\open\src\hotspot\share\prims\jni.cpp, line 516]

VM Operations (20 events):
Event: 13.375 Executing VM operation: G1Concurrent
Event: 13.379 Executing VM operation: G1Concurrent done
Event: 13.406 Executing VM operation: G1Concurrent
Event: 13.407 Executing VM operation: G1Concurrent done
Event: 13.882 Executing VM operation: G1CollectForAllocation
Event: 13.886 Executing VM operation: G1CollectForAllocation done
Event: 14.072 Executing VM operation: HandshakeAllThreads
Event: 14.073 Executing VM operation: HandshakeAllThreads done
Event: 14.079 Executing VM operation: HandshakeAllThreads
Event: 14.079 Executing VM operation: HandshakeAllThreads done
Event: 14.145 Executing VM operation: HandshakeAllThreads
Event: 14.145 Executing VM operation: HandshakeAllThreads done
Event: 14.206 Executing VM operation: G1TryInitiateConcMark
Event: 14.212 Executing VM operation: G1TryInitiateConcMark done
Event: 14.260 Executing VM operation: G1Concurrent
Event: 14.264 Executing VM operation: G1Concurrent done
Event: 14.293 Executing VM operation: G1Concurrent
Event: 14.293 Executing VM operation: G1Concurrent done
Event: 14.551 Executing VM operation: G1CollectForAllocation
Event: 14.557 Executing VM operation: G1CollectForAllocation done

Events (20 events):
Event: 11.603 Thread 0x000001e073fc22e0 flushing nmethod 0x000001e05f8a6910
Event: 11.603 Thread 0x000001e073fc22e0 flushing nmethod 0x000001e05f8aaf90
Event: 11.603 Thread 0x000001e073fc22e0 flushing nmethod 0x000001e05f8ab890
Event: 11.603 Thread 0x000001e073fc22e0 flushing nmethod 0x000001e05f8c8310
Event: 11.603 Thread 0x000001e073fc22e0 flushing nmethod 0x000001e05f8dd690
Event: 11.603 Thread 0x000001e073fc22e0 flushing nmethod 0x000001e05f904c10
Event: 11.603 Thread 0x000001e073fc22e0 flushing nmethod 0x000001e05f90e890
Event: 11.603 Thread 0x000001e073fc22e0 flushing nmethod 0x000001e05f925e10
Event: 11.603 Thread 0x000001e073fc22e0 flushing nmethod 0x000001e05f957210
Event: 11.603 Thread 0x000001e073fc22e0 flushing nmethod 0x000001e05f96a210
Event: 11.604 Thread 0x000001e073fc22e0 flushing nmethod 0x000001e05f98b590
Event: 11.604 Thread 0x000001e073fc22e0 flushing nmethod 0x000001e05f98f810
Event: 11.604 Thread 0x000001e073fc22e0 flushing nmethod 0x000001e05f9ce790
Event: 11.604 Thread 0x000001e073fc22e0 flushing nmethod 0x000001e05f9d6f10
Event: 11.604 Thread 0x000001e073fc22e0 flushing nmethod 0x000001e05f9d7890
Event: 11.604 Thread 0x000001e073fc22e0 flushing nmethod 0x000001e05fa4dc90
Event: 11.604 Thread 0x000001e073fc22e0 flushing nmethod 0x000001e05fa4fb10
Event: 11.604 Thread 0x000001e073fc22e0 flushing nmethod 0x000001e05fa57d90
Event: 13.197 Thread 0x000001e0786c93c0 Thread added: 0x000001e0786c93c0
Event: 13.974 Thread 0x000001e078c6d3e0 Thread added: 0x000001e078c6d3e0


Dynamic libraries:
0x00007ff71b640000 - 0x00007ff71b650000 	C:\Program Files\Java\jdk-18.0.2.1\bin\java.exe
0x00007ffd61b50000 - 0x00007ffd61d67000 	C:\WINDOWS\SYSTEM32\ntdll.dll
0x00007ffd5fd30000 - 0x00007ffd5fdf4000 	C:\WINDOWS\System32\KERNEL32.DLL
0x00007ffd5f1d0000 - 0x00007ffd5f57d000 	C:\WINDOWS\System32\KERNELBASE.dll
0x0000000066010000 - 0x0000000066342000 	C:\Program Files\Norton Security\NortonData\22.22.8.15\Definitions\IPSDefs\20231019.064\IPSEng64.dll
0x00007ffd5f910000 - 0x00007ffd5f9c2000 	C:\WINDOWS\System32\ADVAPI32.dll
0x00007ffd60110000 - 0x00007ffd601b7000 	C:\WINDOWS\System32\msvcrt.dll
0x00007ffd618a0000 - 0x00007ffd61949000 	C:\WINDOWS\System32\sechost.dll
0x00007ffd5eee0000 - 0x00007ffd5ef08000 	C:\WINDOWS\System32\bcrypt.dll
0x00007ffd60370000 - 0x00007ffd60484000 	C:\WINDOWS\System32\RPCRT4.dll
0x00007ffd5f880000 - 0x00007ffd5f888000 	C:\WINDOWS\System32\PSAPI.DLL
0x00007ffd5f0b0000 - 0x00007ffd5f1c1000 	C:\WINDOWS\System32\ucrtbase.dll
0x00007ffd2a2c0000 - 0x00007ffd2a2d8000 	C:\Program Files\Java\jdk-18.0.2.1\bin\jli.dll
0x00007ffd2a170000 - 0x00007ffd2a18a000 	C:\Program Files\Java\jdk-18.0.2.1\bin\VCRUNTIME140.dll
0x00007ffd601c0000 - 0x00007ffd6036e000 	C:\WINDOWS\System32\USER32.dll
0x00007ffd5ef10000 - 0x00007ffd5ef36000 	C:\WINDOWS\System32\win32u.dll
0x00007ffd41490000 - 0x00007ffd41723000 	C:\WINDOWS\WinSxS\amd64_microsoft.windows.common-controls_6595b64144ccf1df_6.0.22621.3672_none_2713b9d173822955\COMCTL32.dll
0x00007ffd5fd00000 - 0x00007ffd5fd29000 	C:\WINDOWS\System32\GDI32.dll
0x00007ffd5f580000 - 0x00007ffd5f699000 	C:\WINDOWS\System32\gdi32full.dll
0x00007ffd5f6a0000 - 0x00007ffd5f73a000 	C:\WINDOWS\System32\msvcp_win.dll
0x00007ffd56ea0000 - 0x00007ffd56eaa000 	C:\WINDOWS\SYSTEM32\VERSION.dll
0x00007ffd5fbd0000 - 0x00007ffd5fc01000 	C:\WINDOWS\System32\IMM32.DLL
0x00007ffd3fda0000 - 0x00007ffd3fdac000 	C:\Program Files\Java\jdk-18.0.2.1\bin\vcruntime140_1.dll
0x00007ffd13e80000 - 0x00007ffd13f0d000 	C:\Program Files\Java\jdk-18.0.2.1\bin\msvcp140.dll
0x00007ffca5420000 - 0x00007ffca6031000 	C:\Program Files\Java\jdk-18.0.2.1\bin\server\jvm.dll
0x00007ffd54830000 - 0x00007ffd54839000 	C:\WINDOWS\SYSTEM32\WSOCK32.dll
0x00007ffd57d60000 - 0x00007ffd57d94000 	C:\WINDOWS\SYSTEM32\WINMM.dll
0x00007ffd5f890000 - 0x00007ffd5f901000 	C:\WINDOWS\System32\WS2_32.dll
0x00007ffd5de90000 - 0x00007ffd5dea8000 	C:\WINDOWS\SYSTEM32\kernel.appcore.dll
0x00007ffd3f630000 - 0x00007ffd3f63a000 	C:\Program Files\Java\jdk-18.0.2.1\bin\jimage.dll
0x00007ffd5c500000 - 0x00007ffd5c732000 	C:\WINDOWS\SYSTEM32\DBGHELP.DLL
0x00007ffd60700000 - 0x00007ffd60a8e000 	C:\WINDOWS\System32\combase.dll
0x00007ffd5fc20000 - 0x00007ffd5fcf7000 	C:\WINDOWS\System32\OLEAUT32.dll
0x00007ffd37670000 - 0x00007ffd376a2000 	C:\WINDOWS\SYSTEM32\dbgcore.DLL
0x00007ffd5f740000 - 0x00007ffd5f7bb000 	C:\WINDOWS\System32\bcryptPrimitives.dll
0x00007ffd23380000 - 0x00007ffd233a5000 	C:\Program Files\Java\jdk-18.0.2.1\bin\java.dll
0x00007ffd0cae0000 - 0x00007ffd0cbb6000 	C:\Program Files\Java\jdk-18.0.2.1\bin\jsvml.dll
0x00007ffd60f70000 - 0x00007ffd617d7000 	C:\WINDOWS\System32\SHELL32.dll
0x00007ffd5cda0000 - 0x00007ffd5d69f000 	C:\WINDOWS\SYSTEM32\windows.storage.dll
0x00007ffd5cc60000 - 0x00007ffd5cd9f000 	C:\WINDOWS\SYSTEM32\wintypes.dll
0x00007ffd60010000 - 0x00007ffd60109000 	C:\WINDOWS\System32\SHCORE.dll
0x00007ffd5ff00000 - 0x00007ffd5ff5e000 	C:\WINDOWS\System32\shlwapi.dll
0x00007ffd5eda0000 - 0x00007ffd5edc7000 	C:\WINDOWS\SYSTEM32\profapi.dll
0x00007ffd27a00000 - 0x00007ffd27a13000 	C:\Program Files\Java\jdk-18.0.2.1\bin\net.dll
0x00007ffd5a620000 - 0x00007ffd5a756000 	C:\WINDOWS\SYSTEM32\WINHTTP.dll
0x00007ffd5e330000 - 0x00007ffd5e399000 	C:\WINDOWS\system32\mswsock.dll
0x00007ffd23dd0000 - 0x00007ffd23de6000 	C:\Program Files\Java\jdk-18.0.2.1\bin\nio.dll
0x00007ffd1f7c0000 - 0x00007ffd1f7d8000 	C:\Program Files\Java\jdk-18.0.2.1\bin\zip.dll
0x00007ffd3f5a0000 - 0x00007ffd3f5b0000 	C:\Program Files\Java\jdk-18.0.2.1\bin\verify.dll
0x00007ffd3b970000 - 0x00007ffd3b997000 	C:\Users\Gaurav\.gradle\native\e1d6ef7f7dcc3fd88c89a11ec53ec762bb8ba0a96d01ffa2cd45eb1d1d8dd5c5\windows-amd64\native-platform.dll
0x00007ffd1d9d0000 - 0x00007ffd1db14000 	C:\Users\Gaurav\.gradle\native\0d407fdbe67a94daf76414ababcb853783967236a71b16ec16e742cd7a986fd3\windows-amd64\native-platform-file-events.dll
0x00007ffd3ec00000 - 0x00007ffd3ec09000 	C:\Program Files\Java\jdk-18.0.2.1\bin\management.dll
0x00007ffd3c590000 - 0x00007ffd3c59b000 	C:\Program Files\Java\jdk-18.0.2.1\bin\management_ext.dll
0x00007ffd5e580000 - 0x00007ffd5e59b000 	C:\WINDOWS\SYSTEM32\CRYPTSP.dll
0x00007ffd5ddf0000 - 0x00007ffd5de25000 	C:\WINDOWS\system32\rsaenh.dll
0x00007ffd5e420000 - 0x00007ffd5e448000 	C:\WINDOWS\SYSTEM32\USERENV.dll
0x00007ffd5e5a0000 - 0x00007ffd5e5ac000 	C:\WINDOWS\SYSTEM32\CRYPTBASE.dll
0x00007ffd5d900000 - 0x00007ffd5d92d000 	C:\WINDOWS\SYSTEM32\IPHLPAPI.DLL
0x00007ffd61830000 - 0x00007ffd61839000 	C:\WINDOWS\System32\NSI.dll
0x00007ffd5a550000 - 0x00007ffd5a569000 	C:\WINDOWS\SYSTEM32\dhcpcsvc6.DLL
0x00007ffd5a510000 - 0x00007ffd5a52f000 	C:\WINDOWS\SYSTEM32\dhcpcsvc.DLL
0x00007ffd5d970000 - 0x00007ffd5da68000 	C:\WINDOWS\SYSTEM32\DNSAPI.dll

dbghelp: loaded successfully - version: 4.0.5 - missing functions: none
symbol engine: initialized successfully - sym options: 0x614 - pdb path: .;C:\Program Files\Java\jdk-18.0.2.1\bin;C:\WINDOWS\SYSTEM32;C:\Program Files\Norton Security\NortonData\22.22.8.15\Definitions\IPSDefs\20231019.064;C:\WINDOWS\WinSxS\amd64_microsoft.windows.common-controls_6595b64144ccf1df_6.0.22621.3672_none_2713b9d173822955;C:\Program Files\Java\jdk-18.0.2.1\bin\server;C:\Users\Gaurav\.gradle\native\e1d6ef7f7dcc3fd88c89a11ec53ec762bb8ba0a96d01ffa2cd45eb1d1d8dd5c5\windows-amd64;C:\Users\Gaurav\.gradle\native\0d407fdbe67a94daf76414ababcb853783967236a71b16ec16e742cd7a986fd3\windows-amd64

VM Arguments:
jvm_args: --add-opens=java.base/java.util=ALL-UNNAMED --add-opens=java.base/java.lang=ALL-UNNAMED --add-opens=java.base/java.lang.invoke=ALL-UNNAMED --add-opens=java.base/java.util=ALL-UNNAMED --add-opens=java.prefs/java.util.prefs=ALL-UNNAMED --add-opens=java.prefs/java.util.prefs=ALL-UNNAMED --add-opens=java.base/java.nio.charset=ALL-UNNAMED --add-opens=java.base/java.net=ALL-UNNAMED --add-opens=java.base/java.util.concurrent.atomic=ALL-UNNAMED -Xmx1536M -Dfile.encoding=utf8 -Duser.country=IN -Duser.language=en -Duser.variant 
java_command: org.gradle.launcher.daemon.bootstrap.GradleDaemon 7.5
java_class_path (initial): C:\Users\Gaurav\.gradle\wrapper\dists\gradle-7.5-all\6qsw290k5lz422uaf8jf6m7co\gradle-7.5\lib\gradle-launcher-7.5.jar
Launcher Type: SUN_STANDARD

[Global flags]
     intx CICompilerCount                          = 4                                         {product} {ergonomic}
     uint ConcGCThreads                            = 2                                         {product} {ergonomic}
     uint G1ConcRefinementThreads                  = 8                                         {product} {ergonomic}
   size_t G1HeapRegionSize                         = 1048576                                   {product} {ergonomic}
    uintx GCDrainStackTargetSize                   = 64                                        {product} {ergonomic}
   size_t InitialHeapSize                          = 132120576                                 {product} {ergonomic}
   size_t MarkStackSize                            = 4194304                                   {product} {ergonomic}
   size_t MaxHeapSize                              = 1610612736                                {product} {command line}
   size_t MaxNewSize                               = 965738496                                 {product} {ergonomic}
   size_t MinHeapDeltaBytes                        = 1048576                                   {product} {ergonomic}
   size_t MinHeapSize                              = 8388608                                   {product} {ergonomic}
    uintx NonNMethodCodeHeapSize                   = 5839372                                {pd product} {ergonomic}
    uintx NonProfiledCodeHeapSize                  = 122909434                              {pd product} {ergonomic}
    uintx ProfiledCodeHeapSize                     = 122909434                              {pd product} {ergonomic}
    uintx ReservedCodeCacheSize                    = 251658240                              {pd product} {ergonomic}
     bool SegmentedCodeCache                       = true                                      {product} {ergonomic}
   size_t SoftMaxHeapSize                          = 1610612736                             {manageable} {ergonomic}
     bool UseCompressedClassPointers               = true                           {product lp64_product} {ergonomic}
     bool UseCompressedOops                        = true                           {product lp64_product} {ergonomic}
     bool UseG1GC                                  = true                                      {product} {ergonomic}
     bool UseLargePagesIndividualAllocation        = false                                  {pd product} {ergonomic}

Logging:
Log output configuration:
 #0: stdout all=warning uptime,level,tags foldmultilines=false
 #1: stderr all=off uptime,level,tags foldmultilines=false

Environment Variables:
JAVA_HOME=C:\Program Files\Java\jdk-18.0.2.1
PATH=C:\Program Files\Common Files\Oracle\Java\javapath;C:\Program Files (x86)\Common Files\Oracle\Java\javapath;C:\WINDOWS\system32;C:\WINDOWS;C:\WINDOWS\System32\Wbem;C:\WINDOWS\System32\WindowsPowerShell\v1.0\;C:\WINDOWS\System32\OpenSSH\;C:\MinGW\bin;C:\Users\Gaurav\Downloads\jdk-18_windows-x64_bin.exe;C:\Program Files\Java\jdk1.8.0_341\bin;C:\Program Files\MySQL;C:\flutter\bin;C:\Program Files\Microsoft VS Code\bin;C:\Program Files\Git\cmd;C:\Users\Gaurav\OneDrive\Desktop\Python 3.12;C:\Users\Gaurav\AppData\Local\Programs\Python\Python312;C:\Users\Gaurav\AppData\Local\Programs\Python\Python312\Scripts;C:\Program Files\Docker\Docker\resources\bin;C:\Program Files\nodejs\;C:\MAVEN\apache-maven-3.9.8-bin\apache-maven-3.9.8\bin;C:\Program Files (x86)\GnuWin32\bin;C:\Program Files\Java\jdk-18.0.2.1\bin;C:\Users\Gaurav\AppData\Local\Programs\Python\Launcher\;C:\Program Files\MySQL\MySQL Shell 8.0\bin\;C:\Users\Gaurav\AppData\Local\Microsoft\WindowsApps;C:\Users\Gaurav\AppData\Local\Programs\Microsoft VS Code\bin;C:\Program Files\JetBrains\IntelliJ IDEA Community Edition 2022.2.2\bin;;C:\Program Files\MySQL\MySQL Server 8.0\bin;C:\flutter\bin;C:\Users\Gaurav\OneDrive\Desktop\Python 3.12;C:\Users\Gaurav\AppData\Local\Programs\Python\Python312;C:\Users\Gaurav\AppData\Roaming\npm
USERNAME=Gaurav
OS=Windows_NT
PROCESSOR_IDENTIFIER=Intel64 Family 6 Model 140 Stepping 2, GenuineIntel



---------------  S Y S T E M  ---------------

OS:
 Windows 11 , 64 bit Build 22621 (10.0.22621.3958)
OS uptime: 13 days 8:24 hours
Hyper-V role detected

CPU: total 8 (initial active 8) (4 cores per cpu, 2 threads per core) family 6 model 140 stepping 2 microcode 0x28, cx8, cmov, fxsr, ht, mmx, 3dnowpref, sse, sse2, sse3, ssse3, sse4.1, sse4.2, popcnt, lzcnt, tsc, tscinvbit, avx, avx2, aes, erms, clmul, bmi1, bmi2, adx, avx512f, avx512dq, avx512cd, avx512bw, avx512vl, sha, fma, vzeroupper, avx512_vpopcntdq, avx512_vpclmulqdq, avx512_vaes, avx512_vnni, clflush, clflushopt, clwb, avx512_vbmi2, avx512_vbmi, hv

Memory: 4k page, system-wide physical 7941M (320M free)
TotalPageFile size 32517M (AvailPageFile size 0M)
current process WorkingSet (physical memory assigned to process): 306M, peak: 306M
current process commit charge ("private bytes"): 348M, peak: 349M

vm_info: Java HotSpot(TM) 64-Bit Server VM (18.0.2.1+1-1) for windows-amd64 JRE (18.0.2.1+1-1), built on Aug 16 2022 01:46:33 by "mach5one" with MS VC++ 16.8 / 16.9 (VS2019)

END.
